[04:11:59] [Craft Scheduler Thread - 177/INFO]: [Vault] Checking for Updates ... 
[04:11:59] [Craft Scheduler Thread - 177/INFO]: [Vault] No new version available
[10:11:59] [Craft Scheduler Thread - 181/INFO]: [Vault] Checking for Updates ... 
[10:11:59] [Craft Scheduler Thread - 181/INFO]: [Vault] No new version available
[16:11:59] [Craft Scheduler Thread - 182/INFO]: [Vault] Checking for Updates ... 
[16:11:59] [Craft Scheduler Thread - 182/INFO]: [Vault] No new version available
[22:11:59] [Craft Scheduler Thread - 187/INFO]: [Vault] Checking for Updates ... 
[22:11:59] [Craft Scheduler Thread - 187/INFO]: [Vault] No new version available
[23:07:07] [Server thread/INFO]: Unknown command. Type "/help" for help.[m
[23:07:12] [User Authenticator #20/INFO]: UUID of player shift49 is 7a51d8f2-2ed5-39ce-86e0-ada3520e17ca
[23:07:13] [Server thread/INFO]: shift49 joined the game
[23:07:13] [Server thread/INFO]: shift49[/45.225.178.213:30635] logged in with entity id 162688 at ([world]211.49986419910658, 72.0, -345.7931075466147)
[23:07:16] [Server thread/INFO]: Unknown command. Type "/help" for help.[m
[23:13:24] [Server thread/INFO]: shift49 lost connection: Disconnected
[23:13:24] [Server thread/INFO]: shift49 left the game
[23:15:56] [User Authenticator #21/INFO]: UUID of player shift49 is 7a51d8f2-2ed5-39ce-86e0-ada3520e17ca
[23:15:56] [Server thread/INFO]: shift49 joined the game
[23:15:56] [Server thread/INFO]: shift49[/45.225.178.213:30639] logged in with entity id 163797 at ([world]210.67468602318783, 72.0, -346.80167190196636)
[23:22:07] [Server thread/INFO]: shift49 lost connection: Disconnected
[23:22:07] [Server thread/INFO]: shift49 left the game
[23:37:13] [Server thread/INFO]: ยง6Backup started.
[23:37:13] [Server thread/INFO]: Saving the game (this may take a moment!)
[23:37:13] [Server thread/INFO]: Saved the game
[23:37:13] [Server thread/INFO]: Automatic saving is now disabled
[23:37:13] [Craft Scheduler Thread - 193/INFO]:   adding: home/hugoh/minecraft/world/ (stored 0%)
[23:37:13] [Craft Scheduler Thread - 193/INFO]:   adding: home/hugoh/minecraft/world/blockprot_stats.nbt_old (stored 0%)
[23:37:13] [Craft Scheduler Thread - 193/INFO]:   adding: home/hugoh/minecraft/world/data/ (stored 0%)
[23:37:13] [Craft Scheduler Thread - 193/INFO]:   adding: home/hugoh/minecraft/world/data/map_0.dat (stored 0%)
[23:37:13] [Craft Scheduler Thread - 193/INFO]:   adding: home/hugoh/minecraft/world/data/map_2.dat (stored 0%)
[23:37:13] [Craft Scheduler Thread - 193/INFO]:   adding: home/hugoh/minecraft/world/data/map_26.dat (deflated 4%)
[23:37:13] [Craft Scheduler Thread - 193/INFO]:   adding: home/hugoh/minecraft/world/data/map_14.dat (deflated 3%)
[23:37:13] [Craft Scheduler Thread - 193/INFO]:   adding: home/hugoh/minecraft/world/data/idcounts.dat (deflated 2%)
[23:37:13] [Craft Scheduler Thread - 193/INFO]:   adding: home/hugoh/minecraft/world/data/map_38.dat (deflated 3%)
[23:37:13] [Craft Scheduler Thread - 193/INFO]:   adding: home/hugoh/minecraft/world/data/map_27.dat (stored 0%)
[23:37:13] [Craft Scheduler Thread - 193/INFO]:   adding: home/hugoh/minecraft/world/data/map_17.dat (deflated 3%)
[23:37:13] [Craft Scheduler Thread - 193/INFO]:   adding: home/hugoh/minecraft/world/data/map_4.dat (stored 0%)
[23:37:13] [Craft Scheduler Thread - 193/INFO]:   adding: home/hugoh/minecraft/world/data/map_34.dat (stored 0%)
[23:37:13] [Craft Scheduler Thread - 193/INFO]:   adding: home/hugoh/minecraft/world/data/map_28.dat (stored 0%)
[23:37:13] [Craft Scheduler Thread - 193/INFO]:   adding: home/hugoh/minecraft/world/data/map_15.dat (stored 0%)
[23:37:13] [Craft Scheduler Thread - 193/INFO]:   adding: home/hugoh/minecraft/world/data/map_30.dat (stored 0%)
[23:37:13] [Craft Scheduler Thread - 193/INFO]:   adding: home/hugoh/minecraft/world/data/map_7.dat (stored 0%)
[23:37:13] [Craft Scheduler Thread - 193/INFO]:   adding: home/hugoh/minecraft/world/data/map_39.dat (stored 0%)
[23:37:13] [Craft Scheduler Thread - 193/INFO]:   adding: home/hugoh/minecraft/world/data/map_1.dat (stored 0%)
[23:37:13] [Craft Scheduler Thread - 193/INFO]:   adding: home/hugoh/minecraft/world/data/random_sequences.dat (stored 0%)
[23:37:13] [Craft Scheduler Thread - 193/INFO]:   adding: home/hugoh/minecraft/world/data/map_24.dat (stored 0%)
[23:37:13] [Craft Scheduler Thread - 193/INFO]:   adding: home/hugoh/minecraft/world/data/map_25.dat (stored 0%)
[23:37:13] [Craft Scheduler Thread - 193/INFO]:   adding: home/hugoh/minecraft/world/data/map_40.dat (stored 0%)
[23:37:13] [Craft Scheduler Thread - 193/INFO]:   adding: home/hugoh/minecraft/world/data/map_12.dat (stored 0%)
[23:37:13] [Craft Scheduler Thread - 193/INFO]:   adding: home/hugoh/minecraft/world/data/map_23.dat (stored 0%)
[23:37:13] [Craft Scheduler Thread - 193/INFO]:   adding: home/hugoh/minecraft/world/data/map_31.dat (stored 0%)
[23:37:13] [Craft Scheduler Thread - 193/INFO]:   adding: home/hugoh/minecraft/world/data/scoreboard.dat (stored 0%)
[23:37:13] [Craft Scheduler Thread - 193/INFO]:   adding: home/hugoh/minecraft/world/data/map_21.dat (stored 0%)
[23:37:13] [Craft Scheduler Thread - 193/INFO]:   adding: home/hugoh/minecraft/world/data/map_32.dat (deflated 3%)
[23:37:13] [Craft Scheduler Thread - 193/INFO]:   adding: home/hugoh/minecraft/world/data/map_9.dat (stored 0%)
[23:37:13] [Craft Scheduler Thread - 193/INFO]:   adding: home/hugoh/minecraft/world/data/map_16.dat (stored 0%)
[23:37:13] [Craft Scheduler Thread - 193/INFO]:   adding: home/hugoh/minecraft/world/data/map_11.dat (deflated 3%)
[23:37:13] [Craft Scheduler Thread - 193/INFO]:   adding: home/hugoh/minecraft/world/data/map_19.dat (stored 0%)
[23:37:13] [Craft Scheduler Thread - 193/INFO]:   adding: home/hugoh/minecraft/world/data/map_5.dat (deflated 3%)
[23:37:13] [Craft Scheduler Thread - 193/INFO]:   adding: home/hugoh/minecraft/world/data/map_35.dat (deflated 3%)
[23:37:13] [Craft Scheduler Thread - 193/INFO]:   adding: home/hugoh/minecraft/world/data/map_18.dat (stored 0%)
[23:37:13] [Craft Scheduler Thread - 193/INFO]:   adding: home/hugoh/minecraft/world/data/map_33.dat (stored 0%)
[23:37:13] [Craft Scheduler Thread - 193/INFO]:   adding: home/hugoh/minecraft/world/data/map_22.dat (stored 0%)
[23:37:13] [Craft Scheduler Thread - 193/INFO]:   adding: home/hugoh/minecraft/world/data/map_37.dat (stored 0%)
[23:37:13] [Craft Scheduler Thread - 193/INFO]:   adding: home/hugoh/minecraft/world/data/map_36.dat (stored 0%)
[23:37:13] [Craft Scheduler Thread - 193/INFO]:   adding: home/hugoh/minecraft/world/data/map_29.dat (deflated 3%)
[23:37:13] [Craft Scheduler Thread - 193/INFO]:   adding: home/hugoh/minecraft/world/data/map_13.dat (stored 0%)
[23:37:13] [Craft Scheduler Thread - 193/INFO]:   adding: home/hugoh/minecraft/world/data/raids.dat (stored 0%)
[23:37:13] [Craft Scheduler Thread - 193/INFO]:   adding: home/hugoh/minecraft/world/data/map_8.dat (deflated 3%)
[23:37:13] [Craft Scheduler Thread - 193/INFO]:   adding: home/hugoh/minecraft/world/data/map_10.dat (stored 0%)
[23:37:13] [Craft Scheduler Thread - 193/INFO]:   adding: home/hugoh/minecraft/world/data/map_6.dat (stored 0%)
[23:37:13] [Craft Scheduler Thread - 193/INFO]:   adding: home/hugoh/minecraft/world/data/map_20.dat (deflated 4%)
[23:37:13] [Craft Scheduler Thread - 193/INFO]:   adding: home/hugoh/minecraft/world/data/map_3.dat (stored 0%)
[23:37:13] [Craft Scheduler Thread - 193/INFO]:   adding: home/hugoh/minecraft/world/level.dat_old (stored 0%)
[23:37:13] [Craft Scheduler Thread - 193/INFO]:   adding: home/hugoh/minecraft/world/advancements/ (stored 0%)
[23:37:13] [Craft Scheduler Thread - 193/INFO]:   adding: home/hugoh/minecraft/world/advancements/00000000-0000-0000-0009-01fbb7774ed2.json (deflated 92%)
[23:37:13] [Craft Scheduler Thread - 193/INFO]:   adding: home/hugoh/minecraft/world/advancements/94137d2a-a729-3e55-a2bc-960192792263.json (deflated 92%)
[23:37:13] [Craft Scheduler Thread - 193/INFO]:   adding: home/hugoh/minecraft/world/advancements/37c9b9ed-99c6-4f7c-bf28-ebf47330809e.json (deflated 92%)
[23:37:13] [Craft Scheduler Thread - 193/INFO]:   adding: home/hugoh/minecraft/world/advancements/00000000-0000-0000-0009-01fc7304fa22.json (deflated 92%)
[23:37:13] [Craft Scheduler Thread - 193/INFO]:   adding: home/hugoh/minecraft/world/advancements/7ed7dc60-b79e-3dd3-a351-34004af7bf82.json (deflated 45%)
[23:37:13] [Craft Scheduler Thread - 193/INFO]:   adding: home/hugoh/minecraft/world/advancements/d050033d-d943-35db-933f-15700cf9924e.json (deflated 92%)
[23:37:13] [Craft Scheduler Thread - 193/INFO]:   adding: home/hugoh/minecraft/world/advancements/781dc09a-e9cd-37ec-94e6-2870e495848f.json (deflated 92%)
[23:37:13] [Craft Scheduler Thread - 193/INFO]:   adding: home/hugoh/minecraft/world/advancements/6a7ba0ec-1109-460c-9f60-361588bbd831.json (deflated 93%)
[23:37:13] [Craft Scheduler Thread - 193/INFO]:   adding: home/hugoh/minecraft/world/advancements/00000000-0000-0000-0009-01f9f2626d51.json (deflated 93%)
[23:37:13] [Craft Scheduler Thread - 193/INFO]:   adding: home/hugoh/minecraft/world/advancements/0747259c-0013-41d1-b619-7353c48235b3.json (deflated 93%)
[23:37:13] [Craft Scheduler Thread - 193/INFO]:   adding: home/hugoh/minecraft/world/advancements/8ea1dcbc-9cf7-3963-9473-adcc558f156d.json (deflated 44%)
[23:37:13] [Craft Scheduler Thread - 193/INFO]:   adding: home/hugoh/minecraft/world/advancements/22716f8c-aa82-3ae2-90eb-16958f427eac.json (deflated 93%)
[23:37:13] [Craft Scheduler Thread - 193/INFO]:   adding: home/hugoh/minecraft/world/advancements/00000000-0000-0000-0009-01f42e2cc372.json (deflated 87%)
[23:37:13] [Craft Scheduler Thread - 193/INFO]:   adding: home/hugoh/minecraft/world/advancements/aa4da994-b324-4e75-8e4c-9c7bb0c54ea5.json (deflated 92%)
[23:37:13] [Craft Scheduler Thread - 193/INFO]:   adding: home/hugoh/minecraft/world/advancements/e90fa5ad-ed7f-380a-a5e6-896ecfc4000d.json (deflated 49%)
[23:37:13] [Craft Scheduler Thread - 193/INFO]:   adding: home/hugoh/minecraft/world/advancements/f78ef0de-c413-3880-b295-ef249361686d.json (deflated 83%)
[23:37:13] [Craft Scheduler Thread - 193/INFO]:   adding: home/hugoh/minecraft/world/advancements/00000000-0000-0000-0009-000008a46645.json (deflated 81%)
[23:37:13] [Craft Scheduler Thread - 193/INFO]:   adding: home/hugoh/minecraft/world/advancements/7a51d8f2-2ed5-39ce-86e0-ada3520e17ca.json (deflated 92%)
[23:37:13] [Craft Scheduler Thread - 193/INFO]:   adding: home/hugoh/minecraft/world/advancements/e5f6f202-38dd-3813-a658-5c4e2302d1ce.json (deflated 93%)
[23:37:13] [Craft Scheduler Thread - 193/INFO]:   adding: home/hugoh/minecraft/world/blockprot_stats.nbt (stored 0%)
[23:37:13] [Craft Scheduler Thread - 193/INFO]:   adding: home/hugoh/minecraft/world/level.dat (stored 0%)
[23:37:13] [Craft Scheduler Thread - 193/INFO]:   adding: home/hugoh/minecraft/world/session.lock (stored 0%)
[23:37:13] [Craft Scheduler Thread - 193/INFO]:   adding: home/hugoh/minecraft/world/playerdata/ (stored 0%)
[23:37:13] [Craft Scheduler Thread - 193/INFO]:   adding: home/hugoh/minecraft/world/playerdata/00000000-0000-0000-0009-01f42e2cc372.dat_old (stored 0%)
[23:37:13] [Craft Scheduler Thread - 193/INFO]:   adding: home/hugoh/minecraft/world/playerdata/e5f6f202-38dd-3813-a658-5c4e2302d1ce.dat (stored 0%)
[23:37:13] [Craft Scheduler Thread - 193/INFO]:   adding: home/hugoh/minecraft/world/playerdata/94137d2a-a729-3e55-a2bc-960192792263.dat_old (stored 0%)
[23:37:13] [Craft Scheduler Thread - 193/INFO]:   adding: home/hugoh/minecraft/world/playerdata/0747259c-0013-41d1-b619-7353c48235b3.dat_old (stored 0%)
[23:37:13] [Craft Scheduler Thread - 193/INFO]:   adding: home/hugoh/minecraft/world/playerdata/0747259c-0013-41d1-b619-7353c48235b3.dat (stored 0%)
[23:37:13] [Craft Scheduler Thread - 193/INFO]:   adding: home/hugoh/minecraft/world/playerdata/f78ef0de-c413-3880-b295-ef249361686d.dat (stored 0%)
[23:37:13] [Craft Scheduler Thread - 193/INFO]:   adding: home/hugoh/minecraft/world/playerdata/00000000-0000-0000-0009-01f9f2626d51.dat_old (stored 0%)
[23:37:13] [Craft Scheduler Thread - 193/INFO]:   adding: home/hugoh/minecraft/world/playerdata/00000000-0000-0000-0009-01f42e2cc372.dat (stored 0%)
[23:37:13] [Craft Scheduler Thread - 193/INFO]:   adding: home/hugoh/minecraft/world/playerdata/00000000-0000-0000-0009-01fbb7774ed2.dat (deflated 0%)
[23:37:13] [Craft Scheduler Thread - 193/INFO]:   adding: home/hugoh/minecraft/world/playerdata/00000000-0000-0000-0009-01fbb7774ed2.dat_old (deflated 1%)
[23:37:13] [Craft Scheduler Thread - 193/INFO]:   adding: home/hugoh/minecraft/world/playerdata/22716f8c-aa82-3ae2-90eb-16958f427eac.dat (stored 0%)
[23:37:13] [Craft Scheduler Thread - 193/INFO]:   adding: home/hugoh/minecraft/world/playerdata/00000000-0000-0000-0009-000008a46645.dat (stored 0%)
[23:37:13] [Craft Scheduler Thread - 193/INFO]:   adding: home/hugoh/minecraft/world/playerdata/00000000-0000-0000-0009-000008a46645.dat_old (stored 0%)
[23:37:13] [Craft Scheduler Thread - 193/INFO]:   adding: home/hugoh/minecraft/world/playerdata/7a51d8f2-2ed5-39ce-86e0-ada3520e17ca.dat (stored 0%)
[23:37:13] [Craft Scheduler Thread - 193/INFO]:   adding: home/hugoh/minecraft/world/playerdata/6a7ba0ec-1109-460c-9f60-361588bbd831.dat (stored 0%)
[23:37:13] [Craft Scheduler Thread - 193/INFO]:   adding: home/hugoh/minecraft/world/playerdata/7ed7dc60-b79e-3dd3-a351-34004af7bf82.dat (stored 0%)
[23:37:13] [Craft Scheduler Thread - 193/INFO]:   adding: home/hugoh/minecraft/world/playerdata/aa4da994-b324-4e75-8e4c-9c7bb0c54ea5.dat (stored 0%)
[23:37:13] [Craft Scheduler Thread - 193/INFO]:   adding: home/hugoh/minecraft/world/playerdata/e5f6f202-38dd-3813-a658-5c4e2302d1ce.dat_old (stored 0%)
[23:37:13] [Craft Scheduler Thread - 193/INFO]:   adding: home/hugoh/minecraft/world/playerdata/f78ef0de-c413-3880-b295-ef249361686d.dat_old (stored 0%)
[23:37:13] [Craft Scheduler Thread - 193/INFO]:   adding: home/hugoh/minecraft/world/playerdata/d050033d-d943-35db-933f-15700cf9924e.dat (stored 0%)
[23:37:13] [Craft Scheduler Thread - 193/INFO]:   adding: home/hugoh/minecraft/world/playerdata/aa4da994-b324-4e75-8e4c-9c7bb0c54ea5.dat_old (stored 0%)
[23:37:13] [Craft Scheduler Thread - 193/INFO]:   adding: home/hugoh/minecraft/world/playerdata/e90fa5ad-ed7f-380a-a5e6-896ecfc4000d.dat_old (stored 0%)
[23:37:13] [Craft Scheduler Thread - 193/INFO]:   adding: home/hugoh/minecraft/world/playerdata/00000000-0000-0000-0009-01f9f2626d51.dat (stored 0%)
[23:37:13] [Craft Scheduler Thread - 193/INFO]:   adding: home/hugoh/minecraft/world/playerdata/22716f8c-aa82-3ae2-90eb-16958f427eac.dat_old (stored 0%)
[23:37:13] [Craft Scheduler Thread - 193/INFO]:   adding: home/hugoh/minecraft/world/playerdata/d050033d-d943-35db-933f-15700cf9924e.dat_old (stored 0%)
[23:37:13] [Craft Scheduler Thread - 193/INFO]:   adding: home/hugoh/minecraft/world/playerdata/e90fa5ad-ed7f-380a-a5e6-896ecfc4000d.dat (stored 0%)
[23:37:13] [Craft Scheduler Thread - 193/INFO]:   adding: home/hugoh/minecraft/world/playerdata/781dc09a-e9cd-37ec-94e6-2870e495848f.dat (stored 0%)
[23:37:13] [Craft Scheduler Thread - 193/INFO]:   adding: home/hugoh/minecraft/world/playerdata/8ea1dcbc-9cf7-3963-9473-adcc558f156d.dat_old (stored 0%)
[23:37:13] [Craft Scheduler Thread - 193/INFO]:   adding: home/hugoh/minecraft/world/playerdata/7a51d8f2-2ed5-39ce-86e0-ada3520e17ca.dat_old (stored 0%)
[23:37:13] [Craft Scheduler Thread - 193/INFO]:   adding: home/hugoh/minecraft/world/playerdata/94137d2a-a729-3e55-a2bc-960192792263.dat (stored 0%)
[23:37:13] [Craft Scheduler Thread - 193/INFO]:   adding: home/hugoh/minecraft/world/playerdata/00000000-0000-0000-0009-01fc7304fa22.dat (stored 0%)
[23:37:13] [Craft Scheduler Thread - 193/INFO]:   adding: home/hugoh/minecraft/world/playerdata/781dc09a-e9cd-37ec-94e6-2870e495848f.dat_old (stored 0%)
[23:37:13] [Craft Scheduler Thread - 193/INFO]:   adding: home/hugoh/minecraft/world/playerdata/6a7ba0ec-1109-460c-9f60-361588bbd831.dat_old (stored 0%)
[23:37:13] [Craft Scheduler Thread - 193/INFO]:   adding: home/hugoh/minecraft/world/playerdata/00000000-0000-0000-0009-01fc7304fa22.dat_old (stored 0%)
[23:37:13] [Craft Scheduler Thread - 193/INFO]:   adding: home/hugoh/minecraft/world/playerdata/37c9b9ed-99c6-4f7c-bf28-ebf47330809e.dat (stored 0%)
[23:37:13] [Craft Scheduler Thread - 193/INFO]:   adding: home/hugoh/minecraft/world/playerdata/8ea1dcbc-9cf7-3963-9473-adcc558f156d.dat (stored 0%)
[23:37:13] [Craft Scheduler Thread - 193/INFO]:   adding: home/hugoh/minecraft/world/playerdata/37c9b9ed-99c6-4f7c-bf28-ebf47330809e.dat_old (stored 0%)
[23:37:13] [Craft Scheduler Thread - 193/INFO]:   adding: home/hugoh/minecraft/world/region/ (stored 0%)
[23:37:14] [Craft Scheduler Thread - 193/INFO]:   adding: home/hugoh/minecraft/world/region/r.2.-4.mca (deflated 11%)
[23:37:14] [Craft Scheduler Thread - 193/INFO]:   adding: home/hugoh/minecraft/world/region/r.2.0.mca (deflated 15%)
[23:37:15] [Craft Scheduler Thread - 193/INFO]:   adding: home/hugoh/minecraft/world/region/r.0.-4.mca (deflated 45%)
[23:37:15] [Craft Scheduler Thread - 193/INFO]:   adding: home/hugoh/minecraft/world/region/r.-6.0.mca (deflated 92%)
[23:37:15] [Craft Scheduler Thread - 193/INFO]:   adding: home/hugoh/minecraft/world/region/r.4.0.mca (deflated 8%)
[23:37:16] [Craft Scheduler Thread - 193/INFO]:   adding: home/hugoh/minecraft/world/region/r.4.-4.mca (deflated 42%)
[23:37:17] [Craft Scheduler Thread - 193/INFO]:   adding: home/hugoh/minecraft/world/region/r.-5.-1.mca (deflated 1%)
[23:37:18] [Craft Scheduler Thread - 193/INFO]:   adding: home/hugoh/minecraft/world/region/r.-3.-3.mca (deflated 15%)
[23:37:21] [Craft Scheduler Thread - 193/INFO]:   adding: home/hugoh/minecraft/world/region/r.0.-3.mca (deflated 5%)
[23:37:21] [Craft Scheduler Thread - 193/INFO]:   adding: home/hugoh/minecraft/world/region/r.4.-5.mca (deflated 96%)
[23:37:24] [Craft Scheduler Thread - 193/INFO]:   adding: home/hugoh/minecraft/world/region/r.3.-1.mca (deflated 11%)
[23:37:24] [Craft Scheduler Thread - 193/INFO]:   adding: home/hugoh/minecraft/world/region/r.3.1.mca (deflated 94%)
[23:37:24] [Craft Scheduler Thread - 193/INFO]:   adding: home/hugoh/minecraft/world/region/r.5.1.mca (deflated 94%)
[23:37:24] [Craft Scheduler Thread - 193/INFO]:   adding: home/hugoh/minecraft/world/region/r.-3.0.mca (deflated 93%)
[23:37:24] [Craft Scheduler Thread - 193/INFO]:   adding: home/hugoh/minecraft/world/region/r.-10.-5.mca (deflated 94%)
[23:37:24] [Craft Scheduler Thread - 193/INFO]:   adding: home/hugoh/minecraft/world/region/r.-8.-3.mca (deflated 49%)
[23:37:25] [Craft Scheduler Thread - 193/INFO]:   adding: home/hugoh/minecraft/world/region/r.-6.-1.mca (deflated 34%)
[23:37:25] [Craft Scheduler Thread - 193/INFO]:   adding: home/hugoh/minecraft/world/region/r.3.-5.mca (deflated 93%)
[23:37:25] [Craft Scheduler Thread - 193/INFO]:   adding: home/hugoh/minecraft/world/region/r.-1.-2.mca (deflated 1%)
[23:37:26] [Craft Scheduler Thread - 193/INFO]:   adding: home/hugoh/minecraft/world/region/r.-6.-3.mca (deflated 75%)
[23:37:26] [Craft Scheduler Thread - 193/INFO]:   adding: home/hugoh/minecraft/world/region/r.1.2.mca (deflated 42%)
[23:37:26] [Craft Scheduler Thread - 193/INFO]:   adding: home/hugoh/minecraft/world/region/r.-8.-4.mca (deflated 19%)
[23:37:27] [Craft Scheduler Thread - 193/INFO]:   adding: home/hugoh/minecraft/world/region/r.-5.-2.mca (deflated 4%)
[23:37:28] [Craft Scheduler Thread - 193/INFO]:   adding: home/hugoh/minecraft/world/region/r.2.1.mca (deflated 25%)
[23:37:28] [Craft Scheduler Thread - 193/INFO]:   adding: home/hugoh/minecraft/world/region/r.-1.-5.mca (deflated 47%)
[23:37:28] [Craft Scheduler Thread - 193/INFO]:   adding: home/hugoh/minecraft/world/region/r.-4.0.mca (deflated 62%)
[23:37:28] [Craft Scheduler Thread - 193/INFO]:   adding: home/hugoh/minecraft/world/region/r.-2.1.mca (deflated 56%)
[23:37:28] [Craft Scheduler Thread - 193/INFO]:   adding: home/hugoh/minecraft/world/region/r.-6.-5.mca (deflated 41%)
[23:37:28] [Craft Scheduler Thread - 193/INFO]:   adding: home/hugoh/minecraft/world/region/r.4.-3.mca (deflated 87%)
[23:37:29] [Craft Scheduler Thread - 193/INFO]:   adding: home/hugoh/minecraft/world/region/r.-6.-4.mca (deflated 27%)
[23:37:29] [Craft Scheduler Thread - 193/INFO]:   adding: home/hugoh/minecraft/world/region/r.0.-2.mca (deflated 2%)
[23:37:30] [Craft Scheduler Thread - 193/INFO]:   adding: home/hugoh/minecraft/world/region/r.-2.-2.mca (deflated 5%)
[23:37:31] [Craft Scheduler Thread - 193/INFO]:   adding: home/hugoh/minecraft/world/region/r.-7.-5.mca (deflated 36%)
[23:37:31] [Craft Scheduler Thread - 193/INFO]:   adding: home/hugoh/minecraft/world/region/r.0.-1.mca (deflated 1%)
[23:37:32] [Craft Scheduler Thread - 193/INFO]:   adding: home/hugoh/minecraft/world/region/r.2.-2.mca (deflated 7%)
[23:37:34] [Craft Scheduler Thread - 193/INFO]:   adding: home/hugoh/minecraft/world/region/r.0.0.mca (deflated 3%)
[23:37:34] [Craft Scheduler Thread - 193/INFO]:   adding: home/hugoh/minecraft/world/region/r.4.1.mca (deflated 96%)
[23:37:39] [Craft Scheduler Thread - 193/INFO]:   adding: home/hugoh/minecraft/world/region/r.-1.0.mca (deflated 1%)
[23:37:39] [Craft Scheduler Thread - 193/INFO]:   adding: home/hugoh/minecraft/world/region/r.1.-5.mca (deflated 95%)
[23:37:39] [Craft Scheduler Thread - 193/INFO]:   adding: home/hugoh/minecraft/world/region/r.-1.1.mca (deflated 21%)
[23:37:40] [Craft Scheduler Thread - 193/INFO]:   adding: home/hugoh/minecraft/world/region/r.-3.-2.mca (deflated 8%)
[23:37:40] [Craft Scheduler Thread - 193/INFO]:   adding: home/hugoh/minecraft/world/region/r.-1.-4.mca (deflated 24%)
[23:37:40] [Craft Scheduler Thread - 193/INFO]:   adding: home/hugoh/minecraft/world/region/r.-5.1.mca (deflated 95%)
[23:37:41] [Craft Scheduler Thread - 193/INFO]:   adding: home/hugoh/minecraft/world/region/r.1.1.mca (deflated 26%)
[23:37:41] [Craft Scheduler Thread - 193/INFO]:   adding: home/hugoh/minecraft/world/region/r.-8.-5.mca (deflated 28%)
[23:37:42] [Craft Scheduler Thread - 193/INFO]:   adding: home/hugoh/minecraft/world/region/r.2.2.mca (deflated 47%)
[23:37:42] [Craft Scheduler Thread - 193/INFO]:   adding: home/hugoh/minecraft/world/region/r.3.-3.mca (deflated 85%)
[23:37:42] [Craft Scheduler Thread - 193/INFO]:   adding: home/hugoh/minecraft/world/region/r.-7.-4.mca (deflated 11%)
[23:37:43] [Craft Scheduler Thread - 193/INFO]:   adding: home/hugoh/minecraft/world/region/r.-3.-1.mca (deflated 8%)
[23:37:45] [Craft Scheduler Thread - 193/INFO]:   adding: home/hugoh/minecraft/world/region/r.-2.-1.mca (deflated 5%)
[23:37:46] [Craft Scheduler Thread - 193/INFO]:   adding: home/hugoh/minecraft/world/region/r.1.0.mca (deflated 7%)
[23:37:46] [Craft Scheduler Thread - 193/INFO]:   adding: home/hugoh/minecraft/world/region/r.-4.-3.mca (deflated 95%)
[23:37:46] [Craft Scheduler Thread - 193/INFO]:   adding: home/hugoh/minecraft/world/region/r.-5.0.mca (deflated 67%)
[23:37:46] [Craft Scheduler Thread - 193/INFO]:   adding: home/hugoh/minecraft/world/region/r.-8.-6.mca (deflated 77%)
[23:37:47] [Craft Scheduler Thread - 193/INFO]:   adding: home/hugoh/minecraft/world/region/r.-7.-3.mca (deflated 25%)
[23:37:47] [Craft Scheduler Thread - 193/INFO]:   adding: home/hugoh/minecraft/world/region/r.3.-4.mca (deflated 45%)
[23:37:49] [Craft Scheduler Thread - 193/INFO]:   adding: home/hugoh/minecraft/world/region/r.2.-1.mca (deflated 1%)
[23:37:50] [Craft Scheduler Thread - 193/INFO]:   adding: home/hugoh/minecraft/world/region/r.-4.-1.mca (deflated 6%)
[23:37:50] [Craft Scheduler Thread - 193/INFO]:   adding: home/hugoh/minecraft/world/region/r.1.-3.mca (deflated 3%)
[23:37:50] [Craft Scheduler Thread - 193/INFO]:   adding: home/hugoh/minecraft/world/region/r.5.-1.mca (deflated 75%)
[23:37:51] [Craft Scheduler Thread - 193/INFO]:   adding: home/hugoh/minecraft/world/region/r.3.0.mca (deflated 19%)
[23:37:51] [Craft Scheduler Thread - 193/INFO]:   adding: home/hugoh/minecraft/world/region/r.-9.-4.mca (deflated 52%)
[23:37:52] [Craft Scheduler Thread - 193/INFO]:   adding: home/hugoh/minecraft/world/region/r.-9.-5.mca (deflated 23%)
[23:37:53] [Craft Scheduler Thread - 193/INFO]:   adding: home/hugoh/minecraft/world/region/r.-4.-2.mca (deflated 6%)
[23:37:53] [Craft Scheduler Thread - 193/INFO]:   adding: home/hugoh/minecraft/world/region/r.2.-5.mca (deflated 93%)
[23:37:53] [Craft Scheduler Thread - 193/INFO]:   adding: home/hugoh/minecraft/world/region/r.-4.-4.mca (deflated 97%)
[23:37:54] [Craft Scheduler Thread - 193/INFO]:   adding: home/hugoh/minecraft/world/region/r.-1.-1.mca (deflated 1%)
[23:37:54] [Craft Scheduler Thread - 193/INFO]:   adding: home/hugoh/minecraft/world/region/r.-10.-4.mca (deflated 97%)
[23:37:55] [Craft Scheduler Thread - 193/INFO]:   adding: home/hugoh/minecraft/world/region/r.-3.-4.mca (deflated 24%)
[23:37:55] [Craft Scheduler Thread - 193/INFO]:   adding: home/hugoh/minecraft/world/region/r.-6.1.mca (deflated 95%)
[23:37:55] [Craft Scheduler Thread - 193/INFO]:   adding: home/hugoh/minecraft/world/region/r.-5.-3.mca (deflated 93%)
[23:37:55] [Craft Scheduler Thread - 193/INFO]:   adding: home/hugoh/minecraft/world/region/r.-2.-5.mca (deflated 80%)
[23:37:56] [Craft Scheduler Thread - 193/INFO]:   adding: home/hugoh/minecraft/world/region/r.1.-4.mca (deflated 17%)
[23:37:57] [Craft Scheduler Thread - 193/INFO]:   adding: home/hugoh/minecraft/world/region/r.-2.0.mca (deflated 18%)
[23:38:00] [Craft Scheduler Thread - 193/INFO]:   adding: home/hugoh/minecraft/world/region/r.-1.-3.mca (deflated 17%)
[23:38:01] [Craft Scheduler Thread - 193/INFO]:   adding: home/hugoh/minecraft/world/region/r.1.-1.mca (deflated 1%)
[23:38:01] [Craft Scheduler Thread - 193/INFO]:   adding: home/hugoh/minecraft/world/region/r.-3.-5.mca (deflated 50%)
[23:38:01] [Craft Scheduler Thread - 193/INFO]:   adding: home/hugoh/minecraft/world/region/r.-6.-2.mca (deflated 43%)
[23:38:02] [Craft Scheduler Thread - 193/INFO]:   adding: home/hugoh/minecraft/world/region/r.2.-3.mca (deflated 12%)
[23:38:02] [Craft Scheduler Thread - 193/INFO]:   adding: home/hugoh/minecraft/world/region/r.-2.-3.mca (deflated 20%)
[23:38:03] [Craft Scheduler Thread - 193/INFO]:   adding: home/hugoh/minecraft/world/region/r.1.-2.mca (deflated 1%)
[23:38:03] [Craft Scheduler Thread - 193/INFO]:   adding: home/hugoh/minecraft/world/region/r.-9.-6.mca (deflated 72%)
[23:38:04] [Craft Scheduler Thread - 193/INFO]:   adding: home/hugoh/minecraft/world/region/r.5.0.mca (deflated 71%)
[23:38:04] [Craft Scheduler Thread - 193/INFO]:   adding: home/hugoh/minecraft/world/region/r.0.-5.mca (deflated 54%)
[23:38:04] [Craft Scheduler Thread - 193/INFO]:   adding: home/hugoh/minecraft/world/region/r.0.1.mca (deflated 20%)
[23:38:05] [Craft Scheduler Thread - 193/INFO]:   adding: home/hugoh/minecraft/world/region/r.4.-1.mca (deflated 17%)
[23:38:06] [Craft Scheduler Thread - 193/INFO]:   adding: home/hugoh/minecraft/world/region/r.-2.-4.mca (deflated 23%)
[23:38:06] [Craft Scheduler Thread - 193/INFO]:   adding: home/hugoh/minecraft/world/region/r.3.-2.mca (deflated 62%)
[23:38:06] [Craft Scheduler Thread - 193/INFO]:   adding: home/hugoh/minecraft/world/datapacks/ (stored 0%)
[23:38:06] [Craft Scheduler Thread - 193/INFO]:   adding: home/hugoh/minecraft/world/datapacks/bukkit/ (stored 0%)
[23:38:06] [Craft Scheduler Thread - 193/INFO]:   adding: home/hugoh/minecraft/world/datapacks/bukkit/pack.mcmeta (deflated 21%)
[23:38:06] [Craft Scheduler Thread - 193/INFO]:   adding: home/hugoh/minecraft/world/poi/ (stored 0%)
[23:38:06] [Craft Scheduler Thread - 193/INFO]:   adding: home/hugoh/minecraft/world/poi/r.2.-4.mca (deflated 98%)
[23:38:06] [Craft Scheduler Thread - 193/INFO]:   adding: home/hugoh/minecraft/world/poi/r.-5.-1.mca (deflated 98%)
[23:38:06] [Craft Scheduler Thread - 193/INFO]:   adding: home/hugoh/minecraft/world/poi/r.-3.-3.mca (deflated 97%)
[23:38:06] [Craft Scheduler Thread - 193/INFO]:   adding: home/hugoh/minecraft/world/poi/r.3.-1.mca (deflated 97%)
[23:38:06] [Craft Scheduler Thread - 193/INFO]:   adding: home/hugoh/minecraft/world/poi/r.-1.-2.mca (deflated 97%)
[23:38:06] [Craft Scheduler Thread - 193/INFO]:   adding: home/hugoh/minecraft/world/poi/r.-5.-2.mca (deflated 97%)
[23:38:06] [Craft Scheduler Thread - 193/INFO]:   adding: home/hugoh/minecraft/world/poi/r.2.1.mca (deflated 98%)
[23:38:06] [Craft Scheduler Thread - 193/INFO]:   adding: home/hugoh/minecraft/world/poi/r.4.-3.mca (deflated 98%)
[23:38:06] [Craft Scheduler Thread - 193/INFO]:   adding: home/hugoh/minecraft/world/poi/r.-2.-2.mca (deflated 97%)
[23:38:06] [Craft Scheduler Thread - 193/INFO]:   adding: home/hugoh/minecraft/world/poi/r.-7.-5.mca (deflated 98%)
[23:38:06] [Craft Scheduler Thread - 193/INFO]:   adding: home/hugoh/minecraft/world/poi/r.0.-1.mca (deflated 97%)
[23:38:06] [Craft Scheduler Thread - 193/INFO]:   adding: home/hugoh/minecraft/world/poi/r.0.0.mca (deflated 98%)
[23:38:06] [Craft Scheduler Thread - 193/INFO]:   adding: home/hugoh/minecraft/world/poi/r.-1.0.mca (deflated 97%)
[23:38:06] [Craft Scheduler Thread - 193/INFO]:   adding: home/hugoh/minecraft/world/poi/r.-1.1.mca (deflated 98%)
[23:38:06] [Craft Scheduler Thread - 193/INFO]:   adding: home/hugoh/minecraft/world/poi/r.-3.-2.mca (deflated 97%)
[23:38:06] [Craft Scheduler Thread - 193/INFO]:   adding: home/hugoh/minecraft/world/poi/r.-1.-4.mca (deflated 98%)
[23:38:06] [Craft Scheduler Thread - 193/INFO]:   adding: home/hugoh/minecraft/world/poi/r.1.1.mca (deflated 98%)
[23:38:06] [Craft Scheduler Thread - 193/INFO]:   adding: home/hugoh/minecraft/world/poi/r.-7.-4.mca (deflated 97%)
[23:38:06] [Craft Scheduler Thread - 193/INFO]:   adding: home/hugoh/minecraft/world/poi/r.-3.-1.mca (deflated 97%)
[23:38:06] [Craft Scheduler Thread - 193/INFO]:   adding: home/hugoh/minecraft/world/poi/r.1.0.mca (deflated 97%)
[23:38:06] [Craft Scheduler Thread - 193/INFO]:   adding: home/hugoh/minecraft/world/poi/r.-7.-3.mca (deflated 97%)
[23:38:06] [Craft Scheduler Thread - 193/INFO]:   adding: home/hugoh/minecraft/world/poi/r.3.-4.mca (deflated 98%)
[23:38:06] [Craft Scheduler Thread - 193/INFO]:   adding: home/hugoh/minecraft/world/poi/r.-4.-1.mca (deflated 97%)
[23:38:06] [Craft Scheduler Thread - 193/INFO]:   adding: home/hugoh/minecraft/world/poi/r.1.-3.mca (deflated 98%)
[23:38:06] [Craft Scheduler Thread - 193/INFO]:   adding: home/hugoh/minecraft/world/poi/r.3.0.mca (deflated 98%)
[23:38:06] [Craft Scheduler Thread - 193/INFO]:   adding: home/hugoh/minecraft/world/poi/r.-9.-5.mca (deflated 98%)
[23:38:06] [Craft Scheduler Thread - 193/INFO]:   adding: home/hugoh/minecraft/world/poi/r.-1.-1.mca (deflated 97%)
[23:38:06] [Craft Scheduler Thread - 193/INFO]:   adding: home/hugoh/minecraft/world/poi/r.-3.-4.mca (deflated 98%)
[23:38:06] [Craft Scheduler Thread - 193/INFO]:   adding: home/hugoh/minecraft/world/poi/r.1.-1.mca (deflated 97%)
[23:38:06] [Craft Scheduler Thread - 193/INFO]:   adding: home/hugoh/minecraft/world/poi/r.-2.-3.mca (deflated 97%)
[23:38:06] [Craft Scheduler Thread - 193/INFO]:   adding: home/hugoh/minecraft/world/poi/r.1.-2.mca (deflated 98%)
[23:38:06] [Craft Scheduler Thread - 193/INFO]:   adding: home/hugoh/minecraft/world/poi/r.0.1.mca (deflated 98%)
[23:38:06] [Craft Scheduler Thread - 193/INFO]:   adding: home/hugoh/minecraft/world/poi/r.-2.-4.mca (deflated 97%)
[23:38:06] [Craft Scheduler Thread - 193/INFO]:   adding: home/hugoh/minecraft/world/entities/ (stored 0%)
[23:38:06] [Craft Scheduler Thread - 193/INFO]:   adding: home/hugoh/minecraft/world/entities/r.2.-4.mca (deflated 70%)
[23:38:06] [Craft Scheduler Thread - 193/INFO]:   adding: home/hugoh/minecraft/world/entities/r.2.0.mca (deflated 82%)
[23:38:06] [Craft Scheduler Thread - 193/INFO]:   adding: home/hugoh/minecraft/world/entities/r.0.-4.mca (deflated 86%)
[23:38:06] [Craft Scheduler Thread - 193/INFO]:   adding: home/hugoh/minecraft/world/entities/r.4.0.mca (deflated 65%)
[23:38:06] [Craft Scheduler Thread - 193/INFO]:   adding: home/hugoh/minecraft/world/entities/r.4.-4.mca (deflated 85%)
[23:38:06] [Craft Scheduler Thread - 193/INFO]:   adding: home/hugoh/minecraft/world/entities/r.-5.-1.mca (deflated 62%)
[23:38:06] [Craft Scheduler Thread - 193/INFO]:   adding: home/hugoh/minecraft/world/entities/r.-3.-3.mca (deflated 74%)
[23:38:06] [Craft Scheduler Thread - 193/INFO]:   adding: home/hugoh/minecraft/world/entities/r.0.-3.mca (deflated 74%)
[23:38:06] [Craft Scheduler Thread - 193/INFO]:   adding: home/hugoh/minecraft/world/entities/r.3.-1.mca (deflated 74%)
[23:38:06] [Craft Scheduler Thread - 193/INFO]:   adding: home/hugoh/minecraft/world/entities/r.-8.-3.mca (deflated 91%)
[23:38:06] [Craft Scheduler Thread - 193/INFO]:   adding: home/hugoh/minecraft/world/entities/r.-6.-1.mca (deflated 89%)
[23:38:06] [Craft Scheduler Thread - 193/INFO]:   adding: home/hugoh/minecraft/world/entities/r.-1.-2.mca (deflated 68%)
[23:38:06] [Craft Scheduler Thread - 193/INFO]:   adding: home/hugoh/minecraft/world/entities/r.-6.-3.mca (deflated 90%)
[23:38:06] [Craft Scheduler Thread - 193/INFO]:   adding: home/hugoh/minecraft/world/entities/r.1.2.mca (deflated 78%)
[23:38:06] [Craft Scheduler Thread - 193/INFO]:   adding: home/hugoh/minecraft/world/entities/r.-8.-4.mca (deflated 81%)
[23:38:06] [Craft Scheduler Thread - 193/INFO]:   adding: home/hugoh/minecraft/world/entities/r.-5.-2.mca (deflated 73%)
[23:38:06] [Craft Scheduler Thread - 193/INFO]:   adding: home/hugoh/minecraft/world/entities/r.2.1.mca (deflated 80%)
[23:38:06] [Craft Scheduler Thread - 193/INFO]:   adding: home/hugoh/minecraft/world/entities/r.-2.1.mca (deflated 91%)
[23:38:06] [Craft Scheduler Thread - 193/INFO]:   adding: home/hugoh/minecraft/world/entities/r.-6.-5.mca (deflated 89%)
[23:38:06] [Craft Scheduler Thread - 193/INFO]:   adding: home/hugoh/minecraft/world/entities/r.-6.-4.mca (deflated 82%)
[23:38:06] [Craft Scheduler Thread - 193/INFO]:   adding: home/hugoh/minecraft/world/entities/r.0.-2.mca (deflated 66%)
[23:38:06] [Craft Scheduler Thread - 193/INFO]:   adding: home/hugoh/minecraft/world/entities/r.-2.-2.mca (deflated 77%)
[23:38:06] [Craft Scheduler Thread - 193/INFO]:   adding: home/hugoh/minecraft/world/entities/r.-7.-5.mca (deflated 81%)
[23:38:06] [Craft Scheduler Thread - 193/INFO]:   adding: home/hugoh/minecraft/world/entities/r.0.-1.mca (deflated 29%)
[23:38:06] [Craft Scheduler Thread - 193/INFO]:   adding: home/hugoh/minecraft/world/entities/r.2.-2.mca (deflated 79%)
[23:38:06] [Craft Scheduler Thread - 193/INFO]:   adding: home/hugoh/minecraft/world/entities/r.0.0.mca (deflated 71%)
[23:38:06] [Craft Scheduler Thread - 193/INFO]:   adding: home/hugoh/minecraft/world/entities/r.-1.0.mca (deflated 73%)
[23:38:06] [Craft Scheduler Thread - 193/INFO]:   adding: home/hugoh/minecraft/world/entities/r.-1.1.mca (deflated 80%)
[23:38:06] [Craft Scheduler Thread - 193/INFO]:   adding: home/hugoh/minecraft/world/entities/r.-3.-2.mca (deflated 76%)
[23:38:06] [Craft Scheduler Thread - 193/INFO]:   adding: home/hugoh/minecraft/world/entities/r.-1.-4.mca (deflated 82%)
[23:38:06] [Craft Scheduler Thread - 193/INFO]:   adding: home/hugoh/minecraft/world/entities/r.1.1.mca (deflated 80%)
[23:38:06] [Craft Scheduler Thread - 193/INFO]:   adding: home/hugoh/minecraft/world/entities/r.-8.-5.mca (deflated 84%)
[23:38:06] [Craft Scheduler Thread - 193/INFO]:   adding: home/hugoh/minecraft/world/entities/r.2.2.mca (deflated 81%)
[23:38:06] [Craft Scheduler Thread - 193/INFO]:   adding: home/hugoh/minecraft/world/entities/r.-7.-4.mca (deflated 73%)
[23:38:06] [Craft Scheduler Thread - 193/INFO]:   adding: home/hugoh/minecraft/world/entities/r.-3.-1.mca (deflated 67%)
[23:38:06] [Craft Scheduler Thread - 193/INFO]:   adding: home/hugoh/minecraft/world/entities/r.-2.-1.mca (deflated 78%)
[23:38:06] [Craft Scheduler Thread - 193/INFO]:   adding: home/hugoh/minecraft/world/entities/r.1.0.mca (deflated 70%)
[23:38:07] [Craft Scheduler Thread - 193/INFO]:   adding: home/hugoh/minecraft/world/entities/r.-7.-3.mca (deflated 78%)
[23:38:07] [Craft Scheduler Thread - 193/INFO]:   adding: home/hugoh/minecraft/world/entities/r.3.-4.mca (deflated 81%)
[23:38:07] [Craft Scheduler Thread - 193/INFO]:   adding: home/hugoh/minecraft/world/entities/r.2.-1.mca (deflated 70%)
[23:38:07] [Craft Scheduler Thread - 193/INFO]:   adding: home/hugoh/minecraft/world/entities/r.-4.-1.mca (deflated 67%)
[23:38:07] [Craft Scheduler Thread - 193/INFO]:   adding: home/hugoh/minecraft/world/entities/r.1.-3.mca (deflated 57%)
[23:38:07] [Craft Scheduler Thread - 193/INFO]:   adding: home/hugoh/minecraft/world/entities/r.3.0.mca (deflated 77%)
[23:38:07] [Craft Scheduler Thread - 193/INFO]:   adding: home/hugoh/minecraft/world/entities/r.-9.-4.mca (deflated 85%)
[23:38:07] [Craft Scheduler Thread - 193/INFO]:   adding: home/hugoh/minecraft/world/entities/r.-9.-5.mca (deflated 81%)
[23:38:07] [Craft Scheduler Thread - 193/INFO]:   adding: home/hugoh/minecraft/world/entities/r.-4.-2.mca (deflated 75%)
[23:38:07] [Craft Scheduler Thread - 193/INFO]:   adding: home/hugoh/minecraft/world/entities/r.-1.-1.mca (deflated 66%)
[23:38:07] [Craft Scheduler Thread - 193/INFO]:   adding: home/hugoh/minecraft/world/entities/r.-3.-4.mca (deflated 80%)
[23:38:07] [Craft Scheduler Thread - 193/INFO]:   adding: home/hugoh/minecraft/world/entities/r.-2.-5.mca (deflated 88%)
[23:38:07] [Craft Scheduler Thread - 193/INFO]:   adding: home/hugoh/minecraft/world/entities/r.1.-4.mca (deflated 72%)
[23:38:07] [Craft Scheduler Thread - 193/INFO]:   adding: home/hugoh/minecraft/world/entities/r.-2.0.mca (deflated 79%)
[23:38:07] [Craft Scheduler Thread - 193/INFO]:   adding: home/hugoh/minecraft/world/entities/r.-1.-3.mca (deflated 75%)
[23:38:07] [Craft Scheduler Thread - 193/INFO]:   adding: home/hugoh/minecraft/world/entities/r.1.-1.mca (deflated 68%)
[23:38:07] [Craft Scheduler Thread - 193/INFO]:   adding: home/hugoh/minecraft/world/entities/r.-3.-5.mca (deflated 84%)
[23:38:07] [Craft Scheduler Thread - 193/INFO]:   adding: home/hugoh/minecraft/world/entities/r.-6.-2.mca (deflated 90%)
[23:38:07] [Craft Scheduler Thread - 193/INFO]:   adding: home/hugoh/minecraft/world/entities/r.2.-3.mca (deflated 71%)
[23:38:07] [Craft Scheduler Thread - 193/INFO]:   adding: home/hugoh/minecraft/world/entities/r.-2.-3.mca (deflated 79%)
[23:38:07] [Craft Scheduler Thread - 193/INFO]:   adding: home/hugoh/minecraft/world/entities/r.1.-2.mca (deflated 72%)
[23:38:07] [Craft Scheduler Thread - 193/INFO]:   adding: home/hugoh/minecraft/world/entities/r.0.-5.mca (deflated 90%)
[23:38:07] [Craft Scheduler Thread - 193/INFO]:   adding: home/hugoh/minecraft/world/entities/r.0.1.mca (deflated 80%)
[23:38:07] [Craft Scheduler Thread - 193/INFO]:   adding: home/hugoh/minecraft/world/entities/r.4.-1.mca (deflated 83%)
[23:38:08] [Craft Scheduler Thread - 193/INFO]:   adding: home/hugoh/minecraft/world/entities/r.-2.-4.mca (deflated 80%)
[23:38:08] [Craft Scheduler Thread - 193/INFO]:   adding: home/hugoh/minecraft/world/entities/r.3.-2.mca (deflated 93%)
[23:38:08] [Craft Scheduler Thread - 193/INFO]:   adding: home/hugoh/minecraft/world/stats/ (stored 0%)
[23:38:08] [Craft Scheduler Thread - 193/INFO]:   adding: home/hugoh/minecraft/world/stats/00000000-0000-0000-0009-01fbb7774ed2.json (deflated 77%)
[23:38:08] [Craft Scheduler Thread - 193/INFO]:   adding: home/hugoh/minecraft/world/stats/94137d2a-a729-3e55-a2bc-960192792263.json (deflated 76%)
[23:38:08] [Craft Scheduler Thread - 193/INFO]:   adding: home/hugoh/minecraft/world/stats/37c9b9ed-99c6-4f7c-bf28-ebf47330809e.json (deflated 75%)
[23:38:08] [Craft Scheduler Thread - 193/INFO]:   adding: home/hugoh/minecraft/world/stats/00000000-0000-0000-0009-01fc7304fa22.json (deflated 75%)
[23:38:08] [Craft Scheduler Thread - 193/INFO]:   adding: home/hugoh/minecraft/world/stats/7ed7dc60-b79e-3dd3-a351-34004af7bf82.json (deflated 53%)
[23:38:08] [Craft Scheduler Thread - 193/INFO]:   adding: home/hugoh/minecraft/world/stats/d050033d-d943-35db-933f-15700cf9924e.json (deflated 76%)
[23:38:08] [Craft Scheduler Thread - 193/INFO]:   adding: home/hugoh/minecraft/world/stats/781dc09a-e9cd-37ec-94e6-2870e495848f.json (deflated 76%)
[23:38:08] [Craft Scheduler Thread - 193/INFO]:   adding: home/hugoh/minecraft/world/stats/6a7ba0ec-1109-460c-9f60-361588bbd831.json (deflated 76%)
[23:38:08] [Craft Scheduler Thread - 193/INFO]:   adding: home/hugoh/minecraft/world/stats/00000000-0000-0000-0009-01f9f2626d51.json (deflated 76%)
[23:38:08] [Craft Scheduler Thread - 193/INFO]:   adding: home/hugoh/minecraft/world/stats/0747259c-0013-41d1-b619-7353c48235b3.json (deflated 79%)
[23:38:08] [Craft Scheduler Thread - 193/INFO]:   adding: home/hugoh/minecraft/world/stats/8ea1dcbc-9cf7-3963-9473-adcc558f156d.json (deflated 51%)
[23:38:08] [Craft Scheduler Thread - 193/INFO]:   adding: home/hugoh/minecraft/world/stats/22716f8c-aa82-3ae2-90eb-16958f427eac.json (deflated 77%)
[23:38:08] [Craft Scheduler Thread - 193/INFO]:   adding: home/hugoh/minecraft/world/stats/00000000-0000-0000-0009-01f42e2cc372.json (deflated 63%)
[23:38:08] [Craft Scheduler Thread - 193/INFO]:   adding: home/hugoh/minecraft/world/stats/aa4da994-b324-4e75-8e4c-9c7bb0c54ea5.json (deflated 77%)
[23:38:08] [Craft Scheduler Thread - 193/INFO]:   adding: home/hugoh/minecraft/world/stats/e90fa5ad-ed7f-380a-a5e6-896ecfc4000d.json (deflated 52%)
[23:38:08] [Craft Scheduler Thread - 193/INFO]:   adding: home/hugoh/minecraft/world/stats/f78ef0de-c413-3880-b295-ef249361686d.json (deflated 63%)
[23:38:08] [Craft Scheduler Thread - 193/INFO]:   adding: home/hugoh/minecraft/world/stats/00000000-0000-0000-0009-000008a46645.json (deflated 62%)
[23:38:08] [Craft Scheduler Thread - 193/INFO]:   adding: home/hugoh/minecraft/world/stats/7a51d8f2-2ed5-39ce-86e0-ada3520e17ca.json (deflated 75%)
[23:38:08] [Craft Scheduler Thread - 193/INFO]:   adding: home/hugoh/minecraft/world/stats/e5f6f202-38dd-3813-a658-5c4e2302d1ce.json (deflated 78%)
[23:38:08] [Craft Scheduler Thread - 193/INFO]:   adding: home/hugoh/minecraft/world/uid.dat (stored 0%)
[23:38:08] [Craft Scheduler Thread - 193/INFO]:   adding: home/hugoh/minecraft/world_nether/ (stored 0%)
[23:38:08] [Craft Scheduler Thread - 193/INFO]:   adding: home/hugoh/minecraft/world_nether/DIM-1/ (stored 0%)
[23:38:08] [Craft Scheduler Thread - 193/INFO]:   adding: home/hugoh/minecraft/world_nether/DIM-1/data/ (stored 0%)
[23:38:08] [Craft Scheduler Thread - 193/INFO]:   adding: home/hugoh/minecraft/world_nether/DIM-1/data/raids.dat (stored 0%)
[23:38:08] [Craft Scheduler Thread - 193/INFO]:   adding: home/hugoh/minecraft/world_nether/DIM-1/region/ (stored 0%)
[23:38:08] [Craft Scheduler Thread - 193/INFO]:   adding: home/hugoh/minecraft/world_nether/DIM-1/region/r.-1.-2.mca (deflated 71%)
[23:38:08] [Craft Scheduler Thread - 193/INFO]:   adding: home/hugoh/minecraft/world_nether/DIM-1/region/r.-2.1.mca (deflated 98%)
[23:38:08] [Craft Scheduler Thread - 193/INFO]:   adding: home/hugoh/minecraft/world_nether/DIM-1/region/r.0.-2.mca (deflated 40%)
[23:38:08] [Craft Scheduler Thread - 193/INFO]:   adding: home/hugoh/minecraft/world_nether/DIM-1/region/r.-2.-2.mca (deflated 93%)
[23:38:10] [Craft Scheduler Thread - 193/INFO]:   adding: home/hugoh/minecraft/world_nether/DIM-1/region/r.0.-1.mca (deflated 2%)
[23:38:11] [Craft Scheduler Thread - 193/INFO]:   adding: home/hugoh/minecraft/world_nether/DIM-1/region/r.0.0.mca (deflated 6%)
[23:38:11] [Craft Scheduler Thread - 193/INFO]:   adding: home/hugoh/minecraft/world_nether/DIM-1/region/r.-1.0.mca (deflated 11%)
[23:38:11] [Craft Scheduler Thread - 193/INFO]:   adding: home/hugoh/minecraft/world_nether/DIM-1/region/r.-1.1.mca (deflated 94%)
[23:38:11] [Craft Scheduler Thread - 193/INFO]:   adding: home/hugoh/minecraft/world_nether/DIM-1/region/r.1.1.mca (deflated 90%)
[23:38:11] [Craft Scheduler Thread - 193/INFO]:   adding: home/hugoh/minecraft/world_nether/DIM-1/region/r.-2.-1.mca (deflated 94%)
[23:38:11] [Craft Scheduler Thread - 193/INFO]:   adding: home/hugoh/minecraft/world_nether/DIM-1/region/r.1.0.mca (deflated 29%)
[23:38:12] [Craft Scheduler Thread - 193/INFO]:   adding: home/hugoh/minecraft/world_nether/DIM-1/region/r.-1.-1.mca (deflated 6%)
[23:38:12] [Craft Scheduler Thread - 193/INFO]:   adding: home/hugoh/minecraft/world_nether/DIM-1/region/r.-2.0.mca (deflated 94%)
[23:38:12] [Craft Scheduler Thread - 193/INFO]:   adding: home/hugoh/minecraft/world_nether/DIM-1/region/r.1.-1.mca (deflated 14%)
[23:38:12] [Craft Scheduler Thread - 193/INFO]:   adding: home/hugoh/minecraft/world_nether/DIM-1/region/r.1.-2.mca (deflated 95%)
[23:38:12] [Craft Scheduler Thread - 193/INFO]:   adding: home/hugoh/minecraft/world_nether/DIM-1/region/r.0.1.mca (deflated 84%)
[23:38:12] [Craft Scheduler Thread - 193/INFO]:   adding: home/hugoh/minecraft/world_nether/DIM-1/poi/ (stored 0%)
[23:38:12] [Craft Scheduler Thread - 193/INFO]:   adding: home/hugoh/minecraft/world_nether/DIM-1/poi/r.0.-1.mca (deflated 98%)
[23:38:12] [Craft Scheduler Thread - 193/INFO]:   adding: home/hugoh/minecraft/world_nether/DIM-1/entities/ (stored 0%)
[23:38:12] [Craft Scheduler Thread - 193/INFO]:   adding: home/hugoh/minecraft/world_nether/DIM-1/entities/r.-1.-2.mca (deflated 89%)
[23:38:12] [Craft Scheduler Thread - 193/INFO]:   adding: home/hugoh/minecraft/world_nether/DIM-1/entities/r.0.-2.mca (deflated 84%)
[23:38:12] [Craft Scheduler Thread - 193/INFO]:   adding: home/hugoh/minecraft/world_nether/DIM-1/entities/r.0.-1.mca (deflated 57%)
[23:38:13] [Craft Scheduler Thread - 193/INFO]:   adding: home/hugoh/minecraft/world_nether/DIM-1/entities/r.0.0.mca (deflated 68%)
[23:38:13] [Craft Scheduler Thread - 193/INFO]:   adding: home/hugoh/minecraft/world_nether/DIM-1/entities/r.-1.0.mca (deflated 69%)
[23:38:13] [Craft Scheduler Thread - 193/INFO]:   adding: home/hugoh/minecraft/world_nether/DIM-1/entities/r.1.0.mca (deflated 86%)
[23:38:13] [Craft Scheduler Thread - 193/INFO]:   adding: home/hugoh/minecraft/world_nether/DIM-1/entities/r.-1.-1.mca (deflated 61%)
[23:38:13] [Craft Scheduler Thread - 193/INFO]:   adding: home/hugoh/minecraft/world_nether/DIM-1/entities/r.1.-1.mca (deflated 65%)
[23:38:13] [Craft Scheduler Thread - 193/INFO]:   adding: home/hugoh/minecraft/world_nether/level.dat_old (stored 0%)
[23:38:13] [Craft Scheduler Thread - 193/INFO]:   adding: home/hugoh/minecraft/world_nether/level.dat (stored 0%)
[23:38:13] [Craft Scheduler Thread - 193/INFO]:   adding: home/hugoh/minecraft/world_nether/session.lock (stored 0%)
[23:38:13] [Craft Scheduler Thread - 193/INFO]:   adding: home/hugoh/minecraft/world_nether/uid.dat (stored 0%)
[23:38:13] [Craft Scheduler Thread - 193/INFO]:   adding: home/hugoh/minecraft/world_the_end/ (stored 0%)
[23:38:13] [Craft Scheduler Thread - 193/INFO]:   adding: home/hugoh/minecraft/world_the_end/level.dat_old (stored 0%)
[23:38:13] [Craft Scheduler Thread - 193/INFO]:   adding: home/hugoh/minecraft/world_the_end/level.dat (stored 0%)
[23:38:13] [Craft Scheduler Thread - 193/INFO]:   adding: home/hugoh/minecraft/world_the_end/session.lock (stored 0%)
[23:38:13] [Craft Scheduler Thread - 193/INFO]:   adding: home/hugoh/minecraft/world_the_end/DIM1/ (stored 0%)
[23:38:13] [Craft Scheduler Thread - 193/INFO]:   adding: home/hugoh/minecraft/world_the_end/DIM1/data/ (stored 0%)
[23:38:13] [Craft Scheduler Thread - 193/INFO]:   adding: home/hugoh/minecraft/world_the_end/DIM1/data/raids_end.dat (stored 0%)
[23:38:13] [Craft Scheduler Thread - 193/INFO]:   adding: home/hugoh/minecraft/world_the_end/DIM1/region/ (stored 0%)
[23:38:13] [Craft Scheduler Thread - 193/INFO]:   adding: home/hugoh/minecraft/world_the_end/DIM1/region/r.2.-4.mca (deflated 89%)
[23:38:13] [Craft Scheduler Thread - 193/INFO]:   adding: home/hugoh/minecraft/world_the_end/DIM1/region/r.-6.0.mca (deflated 84%)
[23:38:13] [Craft Scheduler Thread - 193/INFO]:   adding: home/hugoh/minecraft/world_the_end/DIM1/region/r.-5.-1.mca (deflated 94%)
[23:38:13] [Craft Scheduler Thread - 193/INFO]:   adding: home/hugoh/minecraft/world_the_end/DIM1/region/r.-3.0.mca (deflated 82%)
[23:38:13] [Craft Scheduler Thread - 193/INFO]:   adding: home/hugoh/minecraft/world_the_end/DIM1/region/r.-6.-1.mca (deflated 95%)
[23:38:13] [Craft Scheduler Thread - 193/INFO]:   adding: home/hugoh/minecraft/world_the_end/DIM1/region/r.-4.0.mca (deflated 79%)
[23:38:14] [Craft Scheduler Thread - 193/INFO]:   adding: home/hugoh/minecraft/world_the_end/DIM1/region/r.-2.1.mca (deflated 89%)
[23:38:14] [Craft Scheduler Thread - 193/INFO]:   adding: home/hugoh/minecraft/world_the_end/DIM1/region/r.0.-2.mca (deflated 93%)
[23:38:14] [Craft Scheduler Thread - 193/INFO]:   adding: home/hugoh/minecraft/world_the_end/DIM1/region/r.0.-1.mca (deflated 83%)
[23:38:14] [Craft Scheduler Thread - 193/INFO]:   adding: home/hugoh/minecraft/world_the_end/DIM1/region/r.0.0.mca (deflated 81%)
[23:38:14] [Craft Scheduler Thread - 193/INFO]:   adding: home/hugoh/minecraft/world_the_end/DIM1/region/r.-1.0.mca (deflated 85%)
[23:38:15] [Craft Scheduler Thread - 193/INFO]:   adding: home/hugoh/minecraft/world_the_end/DIM1/region/r.-3.1.mca (deflated 90%)
[23:38:15] [Craft Scheduler Thread - 193/INFO]:   adding: home/hugoh/minecraft/world_the_end/DIM1/region/r.-1.1.mca (deflated 97%)
[23:38:15] [Craft Scheduler Thread - 193/INFO]:   adding: home/hugoh/minecraft/world_the_end/DIM1/region/r.-5.1.mca (deflated 87%)
[23:38:15] [Craft Scheduler Thread - 193/INFO]:   adding: home/hugoh/minecraft/world_the_end/DIM1/region/r.-3.-1.mca (deflated 94%)
[23:38:15] [Craft Scheduler Thread - 193/INFO]:   adding: home/hugoh/minecraft/world_the_end/DIM1/region/r.1.0.mca (deflated 92%)
[23:38:15] [Craft Scheduler Thread - 193/INFO]:   adding: home/hugoh/minecraft/world_the_end/DIM1/region/r.-5.0.mca (deflated 77%)
[23:38:15] [Craft Scheduler Thread - 193/INFO]:   adding: home/hugoh/minecraft/world_the_end/DIM1/region/r.-4.-1.mca (deflated 93%)
[23:38:15] [Craft Scheduler Thread - 193/INFO]:   adding: home/hugoh/minecraft/world_the_end/DIM1/region/r.1.-3.mca (deflated 91%)
[23:38:15] [Craft Scheduler Thread - 193/INFO]:   adding: home/hugoh/minecraft/world_the_end/DIM1/region/r.-1.-1.mca (deflated 85%)
[23:38:15] [Craft Scheduler Thread - 193/INFO]:   adding: home/hugoh/minecraft/world_the_end/DIM1/region/r.-6.1.mca (deflated 91%)
[23:38:16] [Craft Scheduler Thread - 193/INFO]:   adding: home/hugoh/minecraft/world_the_end/DIM1/region/r.1.-4.mca (deflated 93%)
[23:38:16] [Craft Scheduler Thread - 193/INFO]:   adding: home/hugoh/minecraft/world_the_end/DIM1/region/r.-2.0.mca (deflated 90%)
[23:38:16] [Craft Scheduler Thread - 193/INFO]:   adding: home/hugoh/minecraft/world_the_end/DIM1/region/r.1.-1.mca (deflated 94%)
[23:38:16] [Craft Scheduler Thread - 193/INFO]:   adding: home/hugoh/minecraft/world_the_end/DIM1/region/r.2.-3.mca (deflated 85%)
[23:38:16] [Craft Scheduler Thread - 193/INFO]:   adding: home/hugoh/minecraft/world_the_end/DIM1/region/r.-4.1.mca (deflated 93%)
[23:38:16] [Craft Scheduler Thread - 193/INFO]:   adding: home/hugoh/minecraft/world_the_end/DIM1/poi/ (stored 0%)
[23:38:16] [Craft Scheduler Thread - 193/INFO]:   adding: home/hugoh/minecraft/world_the_end/DIM1/poi/r.-4.0.mca (deflated 98%)
[23:38:16] [Craft Scheduler Thread - 193/INFO]:   adding: home/hugoh/minecraft/world_the_end/DIM1/poi/r.-5.0.mca (deflated 98%)
[23:38:16] [Craft Scheduler Thread - 193/INFO]:   adding: home/hugoh/minecraft/world_the_end/DIM1/entities/ (stored 0%)
[23:38:16] [Craft Scheduler Thread - 193/INFO]:   adding: home/hugoh/minecraft/world_the_end/DIM1/entities/r.-6.0.mca (deflated 87%)
[23:38:16] [Craft Scheduler Thread - 193/INFO]:   adding: home/hugoh/minecraft/world_the_end/DIM1/entities/r.-3.0.mca (deflated 83%)
[23:38:16] [Craft Scheduler Thread - 193/INFO]:   adding: home/hugoh/minecraft/world_the_end/DIM1/entities/r.-4.0.mca (deflated 81%)
[23:38:16] [Craft Scheduler Thread - 193/INFO]:   adding: home/hugoh/minecraft/world_the_end/DIM1/entities/r.0.-1.mca (deflated 64%)
[23:38:16] [Craft Scheduler Thread - 193/INFO]:   adding: home/hugoh/minecraft/world_the_end/DIM1/entities/r.0.0.mca (deflated 56%)
[23:38:16] [Craft Scheduler Thread - 193/INFO]:   adding: home/hugoh/minecraft/world_the_end/DIM1/entities/r.-1.0.mca (deflated 77%)
[23:38:16] [Craft Scheduler Thread - 193/INFO]:   adding: home/hugoh/minecraft/world_the_end/DIM1/entities/r.-5.0.mca (deflated 78%)
[23:38:16] [Craft Scheduler Thread - 193/INFO]:   adding: home/hugoh/minecraft/world_the_end/DIM1/entities/r.1.-3.mca (deflated 88%)
[23:38:16] [Craft Scheduler Thread - 193/INFO]:   adding: home/hugoh/minecraft/world_the_end/DIM1/entities/r.-1.-1.mca (deflated 80%)
[23:38:16] [Craft Scheduler Thread - 193/INFO]:   adding: home/hugoh/minecraft/world_the_end/DIM1/entities/r.2.-3.mca (deflated 78%)
[23:38:16] [Craft Scheduler Thread - 193/INFO]:   adding: home/hugoh/minecraft/world_the_end/uid.dat (stored 0%)
[23:38:16] [Craft Scheduler Thread - 193/INFO]:   adding: home/hugoh/minecraft/plugins/ (stored 0%)
[23:38:16] [Craft Scheduler Thread - 193/INFO]:   adding: home/hugoh/minecraft/plugins/ChestShop/ (stored 0%)
[23:38:16] [Craft Scheduler Thread - 193/INFO]:   adding: home/hugoh/minecraft/plugins/ChestShop/version (deflated 12%)
[23:38:16] [Craft Scheduler Thread - 193/INFO]:   adding: home/hugoh/minecraft/plugins/ChestShop/itemAliases.yml (deflated 28%)
[23:38:16] [Craft Scheduler Thread - 193/INFO]:   adding: home/hugoh/minecraft/plugins/ChestShop/config.yml (deflated 59%)
[23:38:16] [Craft Scheduler Thread - 193/INFO]:   adding: home/hugoh/minecraft/plugins/ChestShop/priceLimits.yml (deflated 41%)
[23:38:16] [Craft Scheduler Thread - 193/INFO]:   adding: home/hugoh/minecraft/plugins/ChestShop/users.db (deflated 97%)
[23:38:16] [Craft Scheduler Thread - 193/INFO]:   adding: home/hugoh/minecraft/plugins/ChestShop/jenkinsBuildsNotifier.yml (deflated 3%)
[23:38:16] [Craft Scheduler Thread - 193/INFO]:   adding: home/hugoh/minecraft/plugins/ChestShop/items.db (deflated 96%)
[23:38:16] [Craft Scheduler Thread - 193/INFO]:   adding: home/hugoh/minecraft/plugins/ChestShop/languages/ (stored 0%)
[23:38:16] [Craft Scheduler Thread - 193/INFO]:   adding: home/hugoh/minecraft/plugins/ChestShop/languages/lang.cs.yml (deflated 59%)
[23:38:16] [Craft Scheduler Thread - 193/INFO]:   adding: home/hugoh/minecraft/plugins/ChestShop/languages/lang.sr.yml (deflated 63%)
[23:38:16] [Craft Scheduler Thread - 193/INFO]:   adding: home/hugoh/minecraft/plugins/ChestShop/languages/lang.nl.yml (deflated 62%)
[23:38:16] [Craft Scheduler Thread - 193/INFO]:   adding: home/hugoh/minecraft/plugins/ChestShop/languages/lang.pt_BR.yml (deflated 60%)
[23:38:16] [Craft Scheduler Thread - 193/INFO]:   adding: home/hugoh/minecraft/plugins/ChestShop/languages/lang.ca.yml (deflated 63%)
[23:38:16] [Craft Scheduler Thread - 193/INFO]:   adding: home/hugoh/minecraft/plugins/ChestShop/languages/lang.zh_TW.yml (deflated 54%)
[23:38:16] [Craft Scheduler Thread - 193/INFO]:   adding: home/hugoh/minecraft/plugins/ChestShop/languages/lang.no.yml (deflated 62%)
[23:38:16] [Craft Scheduler Thread - 193/INFO]:   adding: home/hugoh/minecraft/plugins/ChestShop/languages/lang.ja.yml (deflated 60%)
[23:38:16] [Craft Scheduler Thread - 193/INFO]:   adding: home/hugoh/minecraft/plugins/ChestShop/languages/lang.fr.yml (deflated 61%)
[23:38:16] [Craft Scheduler Thread - 193/INFO]:   adding: home/hugoh/minecraft/plugins/ChestShop/languages/lang.he.yml (deflated 63%)
[23:38:16] [Craft Scheduler Thread - 193/INFO]:   adding: home/hugoh/minecraft/plugins/ChestShop/languages/lang.ar.yml (deflated 63%)
[23:38:16] [Craft Scheduler Thread - 193/INFO]:   adding: home/hugoh/minecraft/plugins/ChestShop/languages/lang.es_MX.yml (deflated 61%)
[23:38:16] [Craft Scheduler Thread - 193/INFO]:   adding: home/hugoh/minecraft/plugins/ChestShop/languages/lang.it.yml (deflated 62%)
[23:38:16] [Craft Scheduler Thread - 193/INFO]:   adding: home/hugoh/minecraft/plugins/ChestShop/languages/lang.tr.yml (deflated 62%)
[23:38:16] [Craft Scheduler Thread - 193/INFO]:   adding: home/hugoh/minecraft/plugins/ChestShop/languages/lang.af.yml (deflated 63%)
[23:38:16] [Craft Scheduler Thread - 193/INFO]:   adding: home/hugoh/minecraft/plugins/ChestShop/languages/lang.hu.yml (deflated 60%)
[23:38:16] [Craft Scheduler Thread - 193/INFO]:   adding: home/hugoh/minecraft/plugins/ChestShop/languages/lang.fi.yml (deflated 62%)
[23:38:16] [Craft Scheduler Thread - 193/INFO]:   adding: home/hugoh/minecraft/plugins/ChestShop/languages/lang.de.yml (deflated 62%)
[23:38:16] [Craft Scheduler Thread - 193/INFO]:   adding: home/hugoh/minecraft/plugins/ChestShop/languages/lang.en.yml (deflated 63%)
[23:38:16] [Craft Scheduler Thread - 193/INFO]:   adding: home/hugoh/minecraft/plugins/ChestShop/languages/lang.el.yml (deflated 63%)
[23:38:16] [Craft Scheduler Thread - 193/INFO]:   adding: home/hugoh/minecraft/plugins/ChestShop/languages/lang.zh.yml (deflated 54%)
[23:38:16] [Craft Scheduler Thread - 193/INFO]:   adding: home/hugoh/minecraft/plugins/ChestShop/languages/lang.da.yml (deflated 63%)
[23:38:16] [Craft Scheduler Thread - 193/INFO]:   adding: home/hugoh/minecraft/plugins/ChestShop/languages/lang.ru.yml (deflated 66%)
[23:38:16] [Craft Scheduler Thread - 193/INFO]:   adding: home/hugoh/minecraft/plugins/ChestShop/languages/lang.pl.yml (deflated 60%)
[23:38:16] [Craft Scheduler Thread - 193/INFO]:   adding: home/hugoh/minecraft/plugins/ChestShop/languages/lang.vi.yml (deflated 63%)
[23:38:16] [Craft Scheduler Thread - 193/INFO]:   adding: home/hugoh/minecraft/plugins/ChestShop/languages/lang.es.yml (deflated 62%)
[23:38:16] [Craft Scheduler Thread - 193/INFO]:   adding: home/hugoh/minecraft/plugins/ChestShop/languages/lang.uk.yml (deflated 68%)
[23:38:16] [Craft Scheduler Thread - 193/INFO]:   adding: home/hugoh/minecraft/plugins/ChestShop/languages/lang.sv.yml (deflated 62%)
[23:38:16] [Craft Scheduler Thread - 193/INFO]:   adding: home/hugoh/minecraft/plugins/ChestShop/languages/lang.ro.yml (deflated 63%)
[23:38:16] [Craft Scheduler Thread - 193/INFO]:   adding: home/hugoh/minecraft/plugins/ChestShop/languages/lang.ko.yml (deflated 59%)
[23:38:16] [Craft Scheduler Thread - 193/INFO]:   adding: home/hugoh/minecraft/plugins/ChestShop/discounts.yml (deflated 32%)
[23:38:16] [Craft Scheduler Thread - 193/INFO]:   adding: home/hugoh/minecraft/plugins/SkinsRestorer/ (stored 0%)
[23:38:16] [Craft Scheduler Thread - 193/INFO]:   adding: home/hugoh/minecraft/plugins/SkinsRestorer/config.yml (deflated 65%)
[23:38:16] [Craft Scheduler Thread - 193/INFO]:   adding: home/hugoh/minecraft/plugins/SkinsRestorer/skins/ (stored 0%)
[23:38:16] [Craft Scheduler Thread - 193/INFO]:   adding: home/hugoh/minecraft/plugins/SkinsRestorer/skins/aa4da994-b324-4e75-8e4c-9c7bb0c54ea5.playerskin (deflated 23%)
[23:38:16] [Craft Scheduler Thread - 193/INFO]:   adding: home/hugoh/minecraft/plugins/SkinsRestorer/skins/6e453155-4263-4506-bb84-eb3a9ce7b41d.playerskin (deflated 26%)
[23:38:16] [Craft Scheduler Thread - 193/INFO]:   adding: home/hugoh/minecraft/plugins/SkinsRestorer/skins/37c9b9ed-99c6-4f7c-bf28-ebf47330809e.playerskin (deflated 26%)
[23:38:16] [Craft Scheduler Thread - 193/INFO]:   adding: home/hugoh/minecraft/plugins/SkinsRestorer/skins/1b274436-0151-491c-9280-83319c6cd45b.playerskin (deflated 28%)
[23:38:16] [Craft Scheduler Thread - 193/INFO]:   adding: home/hugoh/minecraft/plugins/SkinsRestorer/skins/0747259c-0013-41d1-b619-7353c48235b3.playerskin (deflated 28%)
[23:38:16] [Craft Scheduler Thread - 193/INFO]:   adding: home/hugoh/minecraft/plugins/SkinsRestorer/skins/5ada9aad-7f7c-4960-a9a5-3ee79692a755.playerskin (deflated 24%)
[23:38:16] [Craft Scheduler Thread - 193/INFO]:   adding: home/hugoh/minecraft/plugins/SkinsRestorer/skins/bcff2755-4f31-4ad1-87bc-ce5c5917e399.playerskin (deflated 25%)
[23:38:16] [Craft Scheduler Thread - 193/INFO]:   adding: home/hugoh/minecraft/plugins/SkinsRestorer/skins/81160f6c-9afa-41f5-8082-a6d15aab6bc8.playerskin (deflated 24%)
[23:38:16] [Craft Scheduler Thread - 193/INFO]:   adding: home/hugoh/minecraft/plugins/SkinsRestorer/skins/6a7ba0ec-1109-460c-9f60-361588bbd831.playerskin (deflated 28%)
[23:38:16] [Craft Scheduler Thread - 193/INFO]:   adding: home/hugoh/minecraft/plugins/SkinsRestorer/players/ (stored 0%)
[23:38:16] [Craft Scheduler Thread - 193/INFO]:   adding: home/hugoh/minecraft/plugins/SkinsRestorer/players/94137d2a-a729-3e55-a2bc-960192792263.player (deflated 13%)
[23:38:16] [Craft Scheduler Thread - 193/INFO]:   adding: home/hugoh/minecraft/plugins/SkinsRestorer/locales/ (stored 0%)
[23:38:16] [Craft Scheduler Thread - 193/INFO]:   adding: home/hugoh/minecraft/plugins/SkinsRestorer/locales/repository/ (stored 0%)
[23:38:16] [Craft Scheduler Thread - 193/INFO]:   adding: home/hugoh/minecraft/plugins/SkinsRestorer/locales/repository/locale_es_AR.json (deflated 73%)
[23:38:16] [Craft Scheduler Thread - 193/INFO]:   adding: home/hugoh/minecraft/plugins/SkinsRestorer/locales/repository/locale_az.json (stored 0%)
[23:38:16] [Craft Scheduler Thread - 193/INFO]:   adding: home/hugoh/minecraft/plugins/SkinsRestorer/locales/repository/locale_fo.json (stored 0%)
[23:38:16] [Craft Scheduler Thread - 193/INFO]:   adding: home/hugoh/minecraft/plugins/SkinsRestorer/locales/repository/locale_ko.json (deflated 74%)
[23:38:16] [Craft Scheduler Thread - 193/INFO]:   adding: home/hugoh/minecraft/plugins/SkinsRestorer/locales/repository/locale_hu.json (deflated 72%)
[23:38:16] [Craft Scheduler Thread - 193/INFO]:   adding: home/hugoh/minecraft/plugins/SkinsRestorer/locales/repository/locale_ar.json (deflated 59%)
[23:38:16] [Craft Scheduler Thread - 193/INFO]:   adding: home/hugoh/minecraft/plugins/SkinsRestorer/locales/repository/locale_ca.json (deflated 63%)
[23:38:16] [Craft Scheduler Thread - 193/INFO]:   adding: home/hugoh/minecraft/plugins/SkinsRestorer/locales/repository/locale_fr.json (deflated 72%)
[23:38:16] [Craft Scheduler Thread - 193/INFO]:   adding: home/hugoh/minecraft/plugins/SkinsRestorer/locales/repository/locale_eo.json (stored 0%)
[23:38:16] [Craft Scheduler Thread - 193/INFO]:   adding: home/hugoh/minecraft/plugins/SkinsRestorer/locales/repository/locale_cy.json (stored 0%)
[23:38:16] [Craft Scheduler Thread - 193/INFO]:   adding: home/hugoh/minecraft/plugins/SkinsRestorer/locales/repository/locale_fil.json (stored 0%)
[23:38:16] [Craft Scheduler Thread - 193/INFO]:   adding: home/hugoh/minecraft/plugins/SkinsRestorer/locales/repository/locale_de.json (deflated 68%)
[23:38:16] [Craft Scheduler Thread - 193/INFO]:   adding: home/hugoh/minecraft/plugins/SkinsRestorer/locales/repository/locale_pt.json (stored 0%)
[23:38:16] [Craft Scheduler Thread - 193/INFO]:   adding: home/hugoh/minecraft/plugins/SkinsRestorer/locales/repository/locale_sr.json (stored 0%)
[23:38:16] [Craft Scheduler Thread - 193/INFO]:   adding: home/hugoh/minecraft/plugins/SkinsRestorer/locales/repository/locale_af.json (stored 0%)
[23:38:16] [Craft Scheduler Thread - 193/INFO]:   adding: home/hugoh/minecraft/plugins/SkinsRestorer/locales/repository/locale_it.json (deflated 64%)
[23:38:16] [Craft Scheduler Thread - 193/INFO]:   adding: home/hugoh/minecraft/plugins/SkinsRestorer/locales/repository/locale_zh_cn.json (deflated 70%)
[23:38:16] [Craft Scheduler Thread - 193/INFO]:   adding: home/hugoh/minecraft/plugins/SkinsRestorer/locales/repository/locale_de_CH.json (stored 0%)
[23:38:16] [Craft Scheduler Thread - 193/INFO]:   adding: home/hugoh/minecraft/plugins/SkinsRestorer/locales/repository/locale_fi.json (stored 0%)
[23:38:16] [Craft Scheduler Thread - 193/INFO]:   adding: home/hugoh/minecraft/plugins/SkinsRestorer/locales/repository/locale_hr.json (deflated 72%)
[23:38:16] [Craft Scheduler Thread - 193/INFO]:   adding: home/hugoh/minecraft/plugins/SkinsRestorer/locales/repository/locale_zh_tw.json (deflated 60%)
[23:38:16] [Craft Scheduler Thread - 193/INFO]:   adding: home/hugoh/minecraft/plugins/SkinsRestorer/locales/repository/locale_ru.json (deflated 74%)
[23:38:16] [Craft Scheduler Thread - 193/INFO]:   adding: home/hugoh/minecraft/plugins/SkinsRestorer/locales/repository/locale_sk.json (stored 0%)
[23:38:16] [Craft Scheduler Thread - 193/INFO]:   adding: home/hugoh/minecraft/plugins/SkinsRestorer/locales/repository/locale_de_AT.json (stored 0%)
[23:38:16] [Craft Scheduler Thread - 193/INFO]:   adding: home/hugoh/minecraft/plugins/SkinsRestorer/locales/repository/locale_sv.json (stored 0%)
[23:38:16] [Craft Scheduler Thread - 193/INFO]:   adding: home/hugoh/minecraft/plugins/SkinsRestorer/locales/repository/locale_tt.json (deflated 71%)
[23:38:16] [Craft Scheduler Thread - 193/INFO]:   adding: home/hugoh/minecraft/plugins/SkinsRestorer/locales/repository/locale_bg.json (stored 0%)
[23:38:16] [Craft Scheduler Thread - 193/INFO]:   adding: home/hugoh/minecraft/plugins/SkinsRestorer/locales/repository/locale_uk.json (deflated 75%)
[23:38:16] [Craft Scheduler Thread - 193/INFO]:   adding: home/hugoh/minecraft/plugins/SkinsRestorer/locales/repository/locale_da.json (stored 0%)
[23:38:16] [Craft Scheduler Thread - 193/INFO]:   adding: home/hugoh/minecraft/plugins/SkinsRestorer/locales/repository/locale_br.json (stored 0%)
[23:38:16] [Craft Scheduler Thread - 193/INFO]:   adding: home/hugoh/minecraft/plugins/SkinsRestorer/locales/repository/locale_ast.json (stored 0%)
[23:38:16] [Craft Scheduler Thread - 193/INFO]:   adding: home/hugoh/minecraft/plugins/SkinsRestorer/locales/repository/locale_sr_Latn.json (stored 0%)
[23:38:16] [Craft Scheduler Thread - 193/INFO]:   adding: home/hugoh/minecraft/plugins/SkinsRestorer/locales/repository/locale_vi.json (deflated 59%)
[23:38:16] [Craft Scheduler Thread - 193/INFO]:   adding: home/hugoh/minecraft/plugins/SkinsRestorer/locales/repository/locale_ja.json (deflated 77%)
[23:38:16] [Craft Scheduler Thread - 193/INFO]:   adding: home/hugoh/minecraft/plugins/SkinsRestorer/locales/repository/locale_id.json (deflated 75%)
[23:38:16] [Craft Scheduler Thread - 193/INFO]:   adding: home/hugoh/minecraft/plugins/SkinsRestorer/locales/repository/locale_hi.json (deflated 73%)
[23:38:16] [Craft Scheduler Thread - 193/INFO]:   adding: home/hugoh/minecraft/plugins/SkinsRestorer/locales/repository/locale_nl.json (deflated 71%)
[23:38:16] [Craft Scheduler Thread - 193/INFO]:   adding: home/hugoh/minecraft/plugins/SkinsRestorer/locales/repository/locale_es.json (deflated 73%)
[23:38:16] [Craft Scheduler Thread - 193/INFO]:   adding: home/hugoh/minecraft/plugins/SkinsRestorer/locales/repository/locale_he.json (stored 0%)
[23:38:16] [Craft Scheduler Thread - 193/INFO]:   adding: home/hugoh/minecraft/plugins/SkinsRestorer/locales/repository/locale_pl.json (deflated 72%)
[23:38:16] [Craft Scheduler Thread - 193/INFO]:   adding: home/hugoh/minecraft/plugins/SkinsRestorer/locales/repository/locale_bs.json (deflated 51%)
[23:38:16] [Craft Scheduler Thread - 193/INFO]:   adding: home/hugoh/minecraft/plugins/SkinsRestorer/locales/repository/locale_no.json (stored 0%)
[23:38:16] [Craft Scheduler Thread - 193/INFO]:   adding: home/hugoh/minecraft/plugins/SkinsRestorer/locales/repository/locale_pt_BR.json (deflated 73%)
[23:38:16] [Craft Scheduler Thread - 193/INFO]:   adding: home/hugoh/minecraft/plugins/SkinsRestorer/locales/repository/locale_et.json (stored 0%)
[23:38:16] [Craft Scheduler Thread - 193/INFO]:   adding: home/hugoh/minecraft/plugins/SkinsRestorer/locales/repository/locale_be.json (deflated 56%)
[23:38:16] [Craft Scheduler Thread - 193/INFO]:   adding: home/hugoh/minecraft/plugins/SkinsRestorer/locales/repository/locale_ro.json (deflated 67%)
[23:38:16] [Craft Scheduler Thread - 193/INFO]:   adding: home/hugoh/minecraft/plugins/SkinsRestorer/locales/repository/locale_en_PT.json (stored 0%)
[23:38:16] [Craft Scheduler Thread - 193/INFO]:   adding: home/hugoh/minecraft/plugins/SkinsRestorer/locales/repository/locale_el.json (stored 0%)
[23:38:16] [Craft Scheduler Thread - 193/INFO]:   adding: home/hugoh/minecraft/plugins/SkinsRestorer/locales/repository/locale_lv.json (stored 0%)
[23:38:16] [Craft Scheduler Thread - 193/INFO]:   adding: home/hugoh/minecraft/plugins/SkinsRestorer/locales/repository/locale_lol.json (stored 0%)
[23:38:16] [Craft Scheduler Thread - 193/INFO]:   adding: home/hugoh/minecraft/plugins/SkinsRestorer/locales/repository/locale.json (deflated 74%)
[23:38:16] [Craft Scheduler Thread - 193/INFO]:   adding: home/hugoh/minecraft/plugins/SkinsRestorer/locales/repository/locale_sl.json (deflated 72%)
[23:38:16] [Craft Scheduler Thread - 193/INFO]:   adding: home/hugoh/minecraft/plugins/SkinsRestorer/locales/repository/locale_cs.json (deflated 4%)
[23:38:16] [Craft Scheduler Thread - 193/INFO]:   adding: home/hugoh/minecraft/plugins/SkinsRestorer/locales/repository/locale_zh_hk.json (stored 0%)
[23:38:16] [Craft Scheduler Thread - 193/INFO]:   adding: home/hugoh/minecraft/plugins/SkinsRestorer/locales/repository/locale_fa.json (stored 0%)
[23:38:16] [Craft Scheduler Thread - 193/INFO]:   adding: home/hugoh/minecraft/plugins/SkinsRestorer/locales/repository/locale_tr.json (deflated 73%)
[23:38:16] [Craft Scheduler Thread - 193/INFO]:   adding: home/hugoh/minecraft/plugins/SkinsRestorer/locales/repository/locale_lt.json (deflated 72%)
[23:38:16] [Craft Scheduler Thread - 193/INFO]:   adding: home/hugoh/minecraft/plugins/SkinsRestorer/locales/repository/locale_ba.json (stored 0%)
[23:38:16] [Craft Scheduler Thread - 193/INFO]:   adding: home/hugoh/minecraft/plugins/SkinsRestorer/locales/custom/ (stored 0%)
[23:38:16] [Craft Scheduler Thread - 193/INFO]:   adding: home/hugoh/minecraft/plugins/SkinsRestorer/cache/ (stored 0%)
[23:38:16] [Craft Scheduler Thread - 193/INFO]:   adding: home/hugoh/minecraft/plugins/SkinsRestorer/cache/shift49.mojangcache (deflated 4%)
[23:38:16] [Craft Scheduler Thread - 193/INFO]:   adding: home/hugoh/minecraft/plugins/SkinsRestorer/cache/_Barizon_.mojangcache (deflated 4%)
[23:38:16] [Craft Scheduler Thread - 193/INFO]:   adding: home/hugoh/minecraft/plugins/SkinsRestorer/cache/Daniel.mojangcache (deflated 4%)
[23:38:16] [Craft Scheduler Thread - 193/INFO]:   adding: home/hugoh/minecraft/plugins/SkinsRestorer/cache/Stadelboy.mojangcache (stored 0%)
[23:38:16] [Craft Scheduler Thread - 193/INFO]:   adding: home/hugoh/minecraft/plugins/SkinsRestorer/cache/0x3027.mojangcache (deflated 4%)
[23:38:16] [Craft Scheduler Thread - 193/INFO]:   adding: home/hugoh/minecraft/plugins/SkinsRestorer/cache/g1ovana.mojangcache (deflated 3%)
[23:38:16] [Craft Scheduler Thread - 193/INFO]:   adding: home/hugoh/minecraft/plugins/SkinsRestorer/cache/ohugo.mojangcache (deflated 4%)
[23:38:16] [Craft Scheduler Thread - 193/INFO]:   adding: home/hugoh/minecraft/plugins/SkinsRestorer/cache/Naiwd_Gmer.mojangcache (deflated 4%)
[23:38:16] [Craft Scheduler Thread - 193/INFO]:   adding: home/hugoh/minecraft/plugins/SkinsRestorer/cache/Miles4president.mojangcache (deflated 4%)
[23:38:16] [Craft Scheduler Thread - 193/INFO]:   adding: home/hugoh/minecraft/plugins/SkinsRestorer/cache/v_clara_c.mojangcache (deflated 4%)
[23:38:16] [Craft Scheduler Thread - 193/INFO]:   adding: home/hugoh/minecraft/plugins/ViaVersion/ (stored 0%)
[23:38:16] [Craft Scheduler Thread - 193/INFO]:   adding: home/hugoh/minecraft/plugins/ViaVersion/config.yml (deflated 59%)
[23:38:16] [Craft Scheduler Thread - 193/INFO]:   adding: home/hugoh/minecraft/plugins/LuckPerms/ (stored 0%)
[23:38:16] [Craft Scheduler Thread - 193/INFO]:   adding: home/hugoh/minecraft/plugins/LuckPerms/luckperms-h2-v2.mv.db (deflated 89%)
[23:38:16] [Craft Scheduler Thread - 193/INFO]:   adding: home/hugoh/minecraft/plugins/LuckPerms/config.yml (deflated 74%)
[23:38:16] [Craft Scheduler Thread - 193/INFO]:   adding: home/hugoh/minecraft/plugins/LuckPerms/translations/ (stored 0%)
[23:38:16] [Craft Scheduler Thread - 193/INFO]:   adding: home/hugoh/minecraft/plugins/LuckPerms/translations/repository/ (stored 0%)
[23:38:16] [Craft Scheduler Thread - 193/INFO]:   adding: home/hugoh/minecraft/plugins/LuckPerms/translations/repository/no_NO.properties (deflated 80%)
[23:38:16] [Craft Scheduler Thread - 193/INFO]:   adding: home/hugoh/minecraft/plugins/LuckPerms/translations/repository/da_DK.properties (deflated 80%)
[23:38:16] [Craft Scheduler Thread - 193/INFO]:   adding: home/hugoh/minecraft/plugins/LuckPerms/translations/repository/ro_RO.properties (deflated 76%)
[23:38:16] [Craft Scheduler Thread - 193/INFO]:   adding: home/hugoh/minecraft/plugins/LuckPerms/translations/repository/fi_FI.properties (deflated 75%)
[23:38:16] [Craft Scheduler Thread - 193/INFO]:   adding: home/hugoh/minecraft/plugins/LuckPerms/translations/repository/bg_BG.properties (deflated 82%)
[23:38:16] [Craft Scheduler Thread - 193/INFO]:   adding: home/hugoh/minecraft/plugins/LuckPerms/translations/repository/it_IT.properties (deflated 81%)
[23:38:16] [Craft Scheduler Thread - 193/INFO]:   adding: home/hugoh/minecraft/plugins/LuckPerms/translations/repository/ar_SA.properties (deflated 81%)
[23:38:16] [Craft Scheduler Thread - 193/INFO]:   adding: home/hugoh/minecraft/plugins/LuckPerms/translations/repository/hi_IN.properties (deflated 80%)
[23:38:16] [Craft Scheduler Thread - 193/INFO]:   adding: home/hugoh/minecraft/plugins/LuckPerms/translations/repository/cs_CZ.properties (deflated 79%)
[23:38:16] [Craft Scheduler Thread - 193/INFO]:   adding: home/hugoh/minecraft/plugins/LuckPerms/translations/repository/status.json (stored 0%)
[23:38:16] [Craft Scheduler Thread - 193/INFO]:   adding: home/hugoh/minecraft/plugins/LuckPerms/translations/repository/id_ID.properties (deflated 80%)
[23:38:16] [Craft Scheduler Thread - 193/INFO]:   adding: home/hugoh/minecraft/plugins/LuckPerms/translations/repository/sk_SK.properties (deflated 72%)
[23:38:16] [Craft Scheduler Thread - 193/INFO]:   adding: home/hugoh/minecraft/plugins/LuckPerms/translations/repository/sr_CS.properties (deflated 76%)
[23:38:16] [Craft Scheduler Thread - 193/INFO]:   adding: home/hugoh/minecraft/plugins/LuckPerms/translations/repository/hu_HU.properties (deflated 79%)
[23:38:16] [Craft Scheduler Thread - 193/INFO]:   adding: home/hugoh/minecraft/plugins/LuckPerms/translations/repository/ka_GE.properties (deflated 76%)
[23:38:16] [Craft Scheduler Thread - 193/INFO]:   adding: home/hugoh/minecraft/plugins/LuckPerms/translations/repository/es_ES.properties (deflated 80%)
[23:38:16] [Craft Scheduler Thread - 193/INFO]:   adding: home/hugoh/minecraft/plugins/LuckPerms/translations/repository/pt_BR.properties (deflated 80%)
[23:38:16] [Craft Scheduler Thread - 193/INFO]:   adding: home/hugoh/minecraft/plugins/LuckPerms/translations/repository/tr_TR.properties (deflated 79%)
[23:38:16] [Craft Scheduler Thread - 193/INFO]:   adding: home/hugoh/minecraft/plugins/LuckPerms/translations/repository/sv_SE.properties (deflated 76%)
[23:38:16] [Craft Scheduler Thread - 193/INFO]:   adding: home/hugoh/minecraft/plugins/LuckPerms/translations/repository/zh_TW.properties (deflated 79%)
[23:38:16] [Craft Scheduler Thread - 193/INFO]:   adding: home/hugoh/minecraft/plugins/LuckPerms/translations/repository/el_GR.properties (deflated 83%)
[23:38:16] [Craft Scheduler Thread - 193/INFO]:   adding: home/hugoh/minecraft/plugins/LuckPerms/translations/repository/ru_RU.properties (deflated 83%)
[23:38:16] [Craft Scheduler Thread - 193/INFO]:   adding: home/hugoh/minecraft/plugins/LuckPerms/translations/repository/fa_IR.properties (deflated 65%)
[23:38:16] [Craft Scheduler Thread - 193/INFO]:   adding: home/hugoh/minecraft/plugins/LuckPerms/translations/repository/fr_FR.properties (deflated 81%)
[23:38:16] [Craft Scheduler Thread - 193/INFO]:   adding: home/hugoh/minecraft/plugins/LuckPerms/translations/repository/he_IL.properties (deflated 81%)
[23:38:16] [Craft Scheduler Thread - 193/INFO]:   adding: home/hugoh/minecraft/plugins/LuckPerms/translations/repository/pl_PL.properties (deflated 79%)
[23:38:16] [Craft Scheduler Thread - 193/INFO]:   adding: home/hugoh/minecraft/plugins/LuckPerms/translations/repository/uk_UA.properties (deflated 82%)
[23:38:16] [Craft Scheduler Thread - 193/INFO]:   adding: home/hugoh/minecraft/plugins/LuckPerms/translations/repository/fil_PH.properties (deflated 67%)
[23:38:16] [Craft Scheduler Thread - 193/INFO]:   adding: home/hugoh/minecraft/plugins/LuckPerms/translations/repository/zh_CN.properties (deflated 79%)
[23:38:16] [Craft Scheduler Thread - 193/INFO]:   adding: home/hugoh/minecraft/plugins/LuckPerms/translations/repository/vi_VN.properties (deflated 81%)
[23:38:16] [Craft Scheduler Thread - 193/INFO]:   adding: home/hugoh/minecraft/plugins/LuckPerms/translations/repository/nl_NL.properties (deflated 80%)
[23:38:16] [Craft Scheduler Thread - 193/INFO]:   adding: home/hugoh/minecraft/plugins/LuckPerms/translations/repository/en_PT.properties (deflated 79%)
[23:38:16] [Craft Scheduler Thread - 193/INFO]:   adding: home/hugoh/minecraft/plugins/LuckPerms/translations/repository/ko_KR.properties (deflated 81%)
[23:38:16] [Craft Scheduler Thread - 193/INFO]:   adding: home/hugoh/minecraft/plugins/LuckPerms/translations/repository/ja_JP.properties (deflated 82%)
[23:38:16] [Craft Scheduler Thread - 193/INFO]:   adding: home/hugoh/minecraft/plugins/LuckPerms/translations/repository/de_DE.properties (deflated 80%)
[23:38:16] [Craft Scheduler Thread - 193/INFO]:   adding: home/hugoh/minecraft/plugins/LuckPerms/translations/custom/ (stored 0%)
[23:38:16] [Craft Scheduler Thread - 193/INFO]:   adding: home/hugoh/minecraft/plugins/LuckPerms/contexts.json (deflated 23%)
[23:38:16] [Craft Scheduler Thread - 193/INFO]:   adding: home/hugoh/minecraft/plugins/LuckPerms/editor-keystore.json (deflated 6%)
[23:38:16] [Craft Scheduler Thread - 193/INFO]:   adding: home/hugoh/minecraft/plugins/LuckPerms/libs/ (stored 0%)
[23:38:16] [Craft Scheduler Thread - 193/INFO]:   adding: home/hugoh/minecraft/plugins/LuckPerms/libs/commodore-file-1.0.jar (deflated 13%)
[23:38:17] [Craft Scheduler Thread - 193/INFO]:   adding: home/hugoh/minecraft/plugins/LuckPerms/libs/adventure-4.13.0.jar (deflated 12%)
[23:38:17] [Craft Scheduler Thread - 193/INFO]:   adding: home/hugoh/minecraft/plugins/LuckPerms/libs/adventure-platform-bukkit-4.13.2.jar (deflated 10%)
[23:38:17] [Craft Scheduler Thread - 193/INFO]:   adding: home/hugoh/minecraft/plugins/LuckPerms/libs/okio-1.17.5-remapped.jar (deflated 7%)
[23:38:17] [Craft Scheduler Thread - 193/INFO]:   adding: home/hugoh/minecraft/plugins/LuckPerms/libs/bytebuddy-1.10.22.jar (deflated 13%)
[23:38:17] [Craft Scheduler Thread - 193/INFO]:   adding: home/hugoh/minecraft/plugins/LuckPerms/libs/okhttp-3.14.9-remapped.jar (deflated 8%)
[23:38:17] [Craft Scheduler Thread - 193/INFO]:   adding: home/hugoh/minecraft/plugins/LuckPerms/libs/adventure-platform-bukkit-4.13.2-remapped.jar (deflated 11%)
[23:38:17] [Craft Scheduler Thread - 193/INFO]:   adding: home/hugoh/minecraft/plugins/LuckPerms/libs/okhttp-3.14.9.jar (deflated 5%)
[23:38:17] [Craft Scheduler Thread - 193/INFO]:   adding: home/hugoh/minecraft/plugins/LuckPerms/libs/caffeine-2.9.0-remapped.jar (deflated 18%)
[23:38:17] [Craft Scheduler Thread - 193/INFO]:   adding: home/hugoh/minecraft/plugins/LuckPerms/libs/adventure-4.13.0-remapped.jar (deflated 13%)
[23:38:17] [Craft Scheduler Thread - 193/INFO]:   adding: home/hugoh/minecraft/plugins/LuckPerms/libs/adventure-platform-4.13.0.jar (deflated 12%)
[23:38:17] [Craft Scheduler Thread - 193/INFO]:   adding: home/hugoh/minecraft/plugins/LuckPerms/libs/commodore-file-1.0-remapped.jar (deflated 18%)
[23:38:17] [Craft Scheduler Thread - 193/INFO]:   adding: home/hugoh/minecraft/plugins/LuckPerms/libs/jar-relocator-1.7.jar (deflated 9%)
[23:38:17] [Craft Scheduler Thread - 193/INFO]:   adding: home/hugoh/minecraft/plugins/LuckPerms/libs/adventure-platform-4.13.0-remapped.jar (deflated 14%)
[23:38:17] [Craft Scheduler Thread - 193/INFO]:   adding: home/hugoh/minecraft/plugins/LuckPerms/libs/commodore-2.2.jar (deflated 10%)
[23:38:17] [Craft Scheduler Thread - 193/INFO]:   adding: home/hugoh/minecraft/plugins/LuckPerms/libs/caffeine-2.9.0.jar (deflated 19%)
[23:38:17] [Craft Scheduler Thread - 193/INFO]:   adding: home/hugoh/minecraft/plugins/LuckPerms/libs/asm-9.1.jar (deflated 4%)
[23:38:18] [Craft Scheduler Thread - 193/INFO]:   adding: home/hugoh/minecraft/plugins/LuckPerms/libs/h2-driver-2.1.214.jar (deflated 5%)
[23:38:18] [Craft Scheduler Thread - 193/INFO]:   adding: home/hugoh/minecraft/plugins/LuckPerms/libs/okio-1.17.5.jar (deflated 4%)
[23:38:18] [Craft Scheduler Thread - 193/INFO]:   adding: home/hugoh/minecraft/plugins/LuckPerms/libs/bytebuddy-1.10.22-remapped.jar (deflated 15%)
[23:38:18] [Craft Scheduler Thread - 193/INFO]:   adding: home/hugoh/minecraft/plugins/LuckPerms/libs/event-3.0.0.jar (deflated 12%)
[23:38:18] [Craft Scheduler Thread - 193/INFO]:   adding: home/hugoh/minecraft/plugins/LuckPerms/libs/commodore-2.2-remapped.jar (deflated 14%)
[23:38:18] [Craft Scheduler Thread - 193/INFO]:   adding: home/hugoh/minecraft/plugins/LuckPerms/libs/asm-commons-9.1.jar (deflated 6%)
[23:38:18] [Craft Scheduler Thread - 193/INFO]:   adding: home/hugoh/minecraft/plugins/LuckPerms/libs/event-3.0.0-remapped.jar (deflated 16%)
[23:38:18] [Craft Scheduler Thread - 193/INFO]:   adding: home/hugoh/minecraft/plugins/ChestShop.jar (deflated 13%)
[23:38:18] [Craft Scheduler Thread - 193/INFO]:   adding: home/hugoh/minecraft/plugins/bStats/ (stored 0%)
[23:38:18] [Craft Scheduler Thread - 193/INFO]:   adding: home/hugoh/minecraft/plugins/bStats/config.yml (deflated 36%)
[23:38:18] [Craft Scheduler Thread - 193/INFO]:   adding: home/hugoh/minecraft/plugins/EssentialsX-2.21.0-dev+25-fbfd7e9.jar (deflated 6%)
[23:38:18] [Craft Scheduler Thread - 193/INFO]:   adding: home/hugoh/minecraft/plugins/Essentials/ (stored 0%)
[23:38:19] [Craft Scheduler Thread - 193/INFO]:   adding: home/hugoh/minecraft/plugins/Essentials/items.json (deflated 93%)
[23:38:19] [Craft Scheduler Thread - 193/INFO]:   adding: home/hugoh/minecraft/plugins/Essentials/upgrades-done.yml (deflated 50%)
[23:38:19] [Craft Scheduler Thread - 193/INFO]:   adding: home/hugoh/minecraft/plugins/Essentials/userdata/ (stored 0%)
[23:38:19] [Craft Scheduler Thread - 193/INFO]:   adding: home/hugoh/minecraft/plugins/Essentials/userdata/e90fa5ad-ed7f-380a-a5e6-896ecfc4000d.yml (deflated 42%)
[23:38:19] [Craft Scheduler Thread - 193/INFO]:   adding: home/hugoh/minecraft/plugins/Essentials/userdata/d050033d-d943-35db-933f-15700cf9924e.yml (deflated 52%)
[23:38:19] [Craft Scheduler Thread - 193/INFO]:   adding: home/hugoh/minecraft/plugins/Essentials/userdata/8ea1dcbc-9cf7-3963-9473-adcc558f156d.yml (deflated 41%)
[23:38:19] [Craft Scheduler Thread - 193/INFO]:   adding: home/hugoh/minecraft/plugins/Essentials/userdata/7a51d8f2-2ed5-39ce-86e0-ada3520e17ca.yml (deflated 53%)
[23:38:19] [Craft Scheduler Thread - 193/INFO]:   adding: home/hugoh/minecraft/plugins/Essentials/userdata/94137d2a-a729-3e55-a2bc-960192792263.yml (deflated 52%)
[23:38:19] [Craft Scheduler Thread - 193/INFO]:   adding: home/hugoh/minecraft/plugins/Essentials/userdata/e5f6f202-38dd-3813-a658-5c4e2302d1ce.yml (deflated 57%)
[23:38:19] [Craft Scheduler Thread - 193/INFO]:   adding: home/hugoh/minecraft/plugins/Essentials/userdata/00000000-0000-0000-0009-01fbb7774ed2.yml (deflated 52%)
[23:38:19] [Craft Scheduler Thread - 193/INFO]:   adding: home/hugoh/minecraft/plugins/Essentials/userdata/781dc09a-e9cd-37ec-94e6-2870e495848f.yml (deflated 42%)
[23:38:19] [Craft Scheduler Thread - 193/INFO]:   adding: home/hugoh/minecraft/plugins/Essentials/userdata/22716f8c-aa82-3ae2-90eb-16958f427eac.yml (deflated 52%)
[23:38:19] [Craft Scheduler Thread - 193/INFO]:   adding: home/hugoh/minecraft/plugins/Essentials/userdata/f78ef0de-c413-3880-b295-ef249361686d.yml (deflated 42%)
[23:38:19] [Craft Scheduler Thread - 193/INFO]:   adding: home/hugoh/minecraft/plugins/Essentials/userdata/7ed7dc60-b79e-3dd3-a351-34004af7bf82.yml (deflated 43%)
[23:38:19] [Craft Scheduler Thread - 193/INFO]:   adding: home/hugoh/minecraft/plugins/Essentials/userdata/00000000-0000-0000-0009-01f9f2626d51.yml (deflated 42%)
[23:38:19] [Craft Scheduler Thread - 193/INFO]:   adding: home/hugoh/minecraft/plugins/Essentials/userdata/00000000-0000-0000-0009-000008a46645.yml (deflated 49%)
[23:38:19] [Craft Scheduler Thread - 193/INFO]:   adding: home/hugoh/minecraft/plugins/Essentials/tpr.yml (deflated 51%)
[23:38:19] [Craft Scheduler Thread - 193/INFO]:   adding: home/hugoh/minecraft/plugins/Essentials/config.yml (deflated 69%)
[23:38:19] [Craft Scheduler Thread - 193/INFO]:   adding: home/hugoh/minecraft/plugins/Essentials/uuids.bin (deflated 6%)
[23:38:19] [Craft Scheduler Thread - 193/INFO]:   adding: home/hugoh/minecraft/plugins/Essentials/usermap.bin (deflated 6%)
[23:38:19] [Craft Scheduler Thread - 193/INFO]:   adding: home/hugoh/minecraft/plugins/Essentials/custom_items.yml (deflated 29%)
[23:38:19] [Craft Scheduler Thread - 193/INFO]:   adding: home/hugoh/minecraft/plugins/Essentials/userdata-npc-backup/ (stored 0%)
[23:38:19] [Craft Scheduler Thread - 193/INFO]:   adding: home/hugoh/minecraft/plugins/Essentials/worth.yml (deflated 62%)
[23:38:19] [Craft Scheduler Thread - 193/INFO]:   adding: home/hugoh/minecraft/plugins/Essentials/motd.txt (stored 0%)
[23:38:19] [Craft Scheduler Thread - 193/INFO]:   adding: home/hugoh/minecraft/plugins/Essentials/kits.yml (deflated 53%)
[23:38:19] [Craft Scheduler Thread - 193/INFO]:   adding: home/hugoh/minecraft/plugins/Essentials/warps/ (stored 0%)
[23:38:19] [Craft Scheduler Thread - 193/INFO]:   adding: home/hugoh/minecraft/plugins/Essentials/warps/loja.yml (deflated 24%)
[23:38:19] [Craft Scheduler Thread - 193/INFO]:   adding: home/hugoh/minecraft/plugins/Essentials/warps/c2.yml (deflated 26%)
[23:38:19] [Craft Scheduler Thread - 193/INFO]:   adding: home/hugoh/minecraft/plugins/Essentials/warps/spawn.yml (deflated 25%)
[23:38:19] [Craft Scheduler Thread - 193/INFO]:   adding: home/hugoh/minecraft/plugins/Essentials/warps/c1.yml (deflated 26%)
[23:38:19] [Craft Scheduler Thread - 193/INFO]:   adding: home/hugoh/minecraft/plugins/Vault.jar (deflated 9%)
[23:38:19] [Craft Scheduler Thread - 193/INFO]:   adding: home/hugoh/minecraft/plugins/LuckPerms-Bukkit-5.4.117.jar (deflated 2%)
[23:38:19] [Craft Scheduler Thread - 193/INFO]:   adding: home/hugoh/minecraft/plugins/BlockProt/ (stored 0%)
[23:38:19] [Craft Scheduler Thread - 193/INFO]:   adding: home/hugoh/minecraft/plugins/BlockProt/config.yml (deflated 56%)
[23:38:19] [Craft Scheduler Thread - 193/INFO]:   adding: home/hugoh/minecraft/plugins/BlockProt/lang/ (stored 0%)
[23:38:19] [Craft Scheduler Thread - 193/INFO]:   adding: home/hugoh/minecraft/plugins/BlockProt/lang/translations_zh-TW.yml (deflated 50%)
[23:38:19] [Craft Scheduler Thread - 193/INFO]:   adding: home/hugoh/minecraft/plugins/BlockProt/lang/translations_es.yml (deflated 58%)
[23:38:19] [Craft Scheduler Thread - 193/INFO]:   adding: home/hugoh/minecraft/plugins/BlockProt/lang/translations_en.yml (deflated 58%)
[23:38:19] [Craft Scheduler Thread - 193/INFO]:   adding: home/hugoh/minecraft/plugins/BlockProt/lang/translations_it.yml (deflated 58%)
[23:38:19] [Craft Scheduler Thread - 193/INFO]:   adding: home/hugoh/minecraft/plugins/BlockProt/lang/translations_ru.yml (deflated 60%)
[23:38:19] [Craft Scheduler Thread - 193/INFO]:   adding: home/hugoh/minecraft/plugins/BlockProt/lang/translations_zh-CN.yml (deflated 50%)
[23:38:19] [Craft Scheduler Thread - 193/INFO]:   adding: home/hugoh/minecraft/plugins/BlockProt/lang/translations_fr.yml (deflated 58%)
[23:38:19] [Craft Scheduler Thread - 193/INFO]:   adding: home/hugoh/minecraft/plugins/BlockProt/lang/translations_pl.yml (deflated 55%)
[23:38:19] [Craft Scheduler Thread - 193/INFO]:   adding: home/hugoh/minecraft/plugins/BlockProt/lang/translations_ko.yml (deflated 56%)
[23:38:19] [Craft Scheduler Thread - 193/INFO]:   adding: home/hugoh/minecraft/plugins/BlockProt/lang/translations_pt-br.yml (deflated 58%)
[23:38:19] [Craft Scheduler Thread - 193/INFO]:   adding: home/hugoh/minecraft/plugins/BlockProt/lang/translations_de.yml (deflated 59%)
[23:38:19] [Craft Scheduler Thread - 193/INFO]:   adding: home/hugoh/minecraft/plugins/BlockProt/lang/translations_tr.yml (deflated 56%)
[23:38:19] [Craft Scheduler Thread - 193/INFO]:   adding: home/hugoh/minecraft/plugins/BlockProt/integrations/ (stored 0%)
[23:38:19] [Craft Scheduler Thread - 193/INFO]:   adding: home/hugoh/minecraft/plugins/BlockProt/integrations/towny.yml (deflated 47%)
[23:38:19] [Craft Scheduler Thread - 193/INFO]:   adding: home/hugoh/minecraft/plugins/BlockProt/integrations/placeholderapi.yml (stored 0%)
[23:38:19] [Craft Scheduler Thread - 193/INFO]:   adding: home/hugoh/minecraft/plugins/update/ (stored 0%)
[23:38:20] [Craft Scheduler Thread - 193/INFO]:   adding: home/hugoh/minecraft/plugins/update/SkinsRestorer.jar (deflated 14%)
[23:38:20] [Craft Scheduler Thread - 193/INFO]:   adding: home/hugoh/minecraft/plugins/PluginMetrics/ (stored 0%)
[23:38:20] [Craft Scheduler Thread - 193/INFO]:   adding: home/hugoh/minecraft/plugins/PluginMetrics/config.yml (deflated 11%)
[23:38:20] [Craft Scheduler Thread - 193/INFO]:   adding: home/hugoh/minecraft/plugins/SkinsRestorer.jar (deflated 14%)
[23:38:20] [Craft Scheduler Thread - 193/INFO]:   adding: home/hugoh/minecraft/plugins/floodgate/ (stored 0%)
[23:38:20] [Craft Scheduler Thread - 193/INFO]:   adding: home/hugoh/minecraft/plugins/floodgate/config.yml (deflated 57%)
[23:38:20] [Craft Scheduler Thread - 193/INFO]:   adding: home/hugoh/minecraft/plugins/floodgate/key.pem (stored 0%)
[23:38:20] [Craft Scheduler Thread - 193/INFO]:   adding: home/hugoh/minecraft/plugins/Geyser-Spigot/ (stored 0%)
[23:38:20] [Craft Scheduler Thread - 193/INFO]:   adding: home/hugoh/minecraft/plugins/Geyser-Spigot/config.yml (deflated 60%)
[23:38:20] [Craft Scheduler Thread - 193/INFO]:   adding: home/hugoh/minecraft/plugins/Geyser-Spigot/key.pem (stored 0%)
[23:38:20] [Craft Scheduler Thread - 193/INFO]:   adding: home/hugoh/minecraft/plugins/Geyser-Spigot/extensions/ (stored 0%)
[23:38:20] [Craft Scheduler Thread - 193/INFO]:   adding: home/hugoh/minecraft/plugins/Geyser-Spigot/custom-skulls.yml (deflated 46%)
[23:38:20] [Craft Scheduler Thread - 193/INFO]:   adding: home/hugoh/minecraft/plugins/Geyser-Spigot/packs/ (stored 0%)
[23:38:20] [Craft Scheduler Thread - 193/INFO]:   adding: home/hugoh/minecraft/plugins/Geyser-Spigot/locales/ (stored 0%)
[23:38:20] [Craft Scheduler Thread - 193/INFO]:   adding: home/hugoh/minecraft/plugins/Geyser-Spigot/locales/overrides/ (stored 0%)
[23:38:21] [Craft Scheduler Thread - 193/INFO]:   adding: home/hugoh/minecraft/plugins/Geyser-Spigot/locales/pt_br.json (deflated 80%)
[23:38:21] [Craft Scheduler Thread - 193/INFO]:   adding: home/hugoh/minecraft/plugins/Geyser-Spigot/locales/en_us.json (deflated 80%)
[23:38:21] [Craft Scheduler Thread - 193/INFO]:   adding: home/hugoh/minecraft/plugins/Geyser-Spigot/custom_mappings/ (stored 0%)
[23:38:21] [Craft Scheduler Thread - 193/INFO]:   adding: home/hugoh/minecraft/plugins/Geyser-Spigot/cache/ (stored 0%)
[23:38:21] [Craft Scheduler Thread - 193/INFO]:   adding: home/hugoh/minecraft/plugins/Geyser-Spigot/cache/default_player_skins/ (stored 0%)
[23:38:21] [Craft Scheduler Thread - 193/INFO]:   adding: home/hugoh/minecraft/plugins/Geyser-Spigot/cache/default_player_skins/wide/ (stored 0%)
[23:38:21] [Craft Scheduler Thread - 193/INFO]:   adding: home/hugoh/minecraft/plugins/Geyser-Spigot/cache/default_player_skins/wide/steve.png (stored 0%)
[23:38:21] [Craft Scheduler Thread - 193/INFO]:   adding: home/hugoh/minecraft/plugins/Geyser-Spigot/cache/default_player_skins/wide/ari.png (stored 0%)
[23:38:21] [Craft Scheduler Thread - 193/INFO]:   adding: home/hugoh/minecraft/plugins/Geyser-Spigot/cache/default_player_skins/wide/sunny.png (stored 0%)
[23:38:21] [Craft Scheduler Thread - 193/INFO]:   adding: home/hugoh/minecraft/plugins/Geyser-Spigot/cache/default_player_skins/wide/alex.png (stored 0%)
[23:38:21] [Craft Scheduler Thread - 193/INFO]:   adding: home/hugoh/minecraft/plugins/Geyser-Spigot/cache/default_player_skins/wide/efe.png (stored 0%)
[23:38:21] [Craft Scheduler Thread - 193/INFO]:   adding: home/hugoh/minecraft/plugins/Geyser-Spigot/cache/default_player_skins/wide/kai.png (stored 0%)
[23:38:21] [Craft Scheduler Thread - 193/INFO]:   adding: home/hugoh/minecraft/plugins/Geyser-Spigot/cache/default_player_skins/wide/makena.png (stored 0%)
[23:38:21] [Craft Scheduler Thread - 193/INFO]:   adding: home/hugoh/minecraft/plugins/Geyser-Spigot/cache/default_player_skins/wide/noor.png (stored 0%)
[23:38:21] [Craft Scheduler Thread - 193/INFO]:   adding: home/hugoh/minecraft/plugins/Geyser-Spigot/cache/default_player_skins/wide/zuri.png (stored 0%)
[23:38:21] [Craft Scheduler Thread - 193/INFO]:   adding: home/hugoh/minecraft/plugins/Geyser-Spigot/cache/default_player_skins/slim/ (stored 0%)
[23:38:21] [Craft Scheduler Thread - 193/INFO]:   adding: home/hugoh/minecraft/plugins/Geyser-Spigot/cache/default_player_skins/slim/steve.png (stored 0%)
[23:38:21] [Craft Scheduler Thread - 193/INFO]:   adding: home/hugoh/minecraft/plugins/Geyser-Spigot/cache/default_player_skins/slim/ari.png (stored 0%)
[23:38:21] [Craft Scheduler Thread - 193/INFO]:   adding: home/hugoh/minecraft/plugins/Geyser-Spigot/cache/default_player_skins/slim/sunny.png (stored 0%)
[23:38:21] [Craft Scheduler Thread - 193/INFO]:   adding: home/hugoh/minecraft/plugins/Geyser-Spigot/cache/default_player_skins/slim/alex.png (stored 0%)
[23:38:21] [Craft Scheduler Thread - 193/INFO]:   adding: home/hugoh/minecraft/plugins/Geyser-Spigot/cache/default_player_skins/slim/efe.png (stored 0%)
[23:38:21] [Craft Scheduler Thread - 193/INFO]:   adding: home/hugoh/minecraft/plugins/Geyser-Spigot/cache/default_player_skins/slim/kai.png (stored 0%)
[23:38:21] [Craft Scheduler Thread - 193/INFO]:   adding: home/hugoh/minecraft/plugins/Geyser-Spigot/cache/default_player_skins/slim/makena.png (stored 0%)
[23:38:21] [Craft Scheduler Thread - 193/INFO]:   adding: home/hugoh/minecraft/plugins/Geyser-Spigot/cache/default_player_skins/slim/noor.png (stored 0%)
[23:38:21] [Craft Scheduler Thread - 193/INFO]:   adding: home/hugoh/minecraft/plugins/Geyser-Spigot/cache/default_player_skins/slim/zuri.png (stored 0%)
[23:38:21] [Craft Scheduler Thread - 193/INFO]:   adding: home/hugoh/minecraft/plugins/Geyser-Spigot/cache/client_jar.hash (deflated 3%)
[23:38:21] [Craft Scheduler Thread - 193/INFO]:   adding: home/hugoh/minecraft/plugins/ViaVersion-4.9.3-SNAPSHOT.jar (deflated 12%)
[23:38:21] [Craft Scheduler Thread - 193/INFO]:   adding: home/hugoh/minecraft/plugins/blockprot-spigot-1.1.14-all.jar (deflated 14%)
[23:38:22] [Craft Scheduler Thread - 193/INFO]:   adding: home/hugoh/minecraft/plugins/Geyser-Spigot.jar (deflated 11%)
[23:38:22] [Craft Scheduler Thread - 193/INFO]:   adding: home/hugoh/minecraft/plugins/Vault/ (stored 0%)
[23:38:22] [Craft Scheduler Thread - 193/INFO]:   adding: home/hugoh/minecraft/plugins/Vault/config.yml (stored 0%)
[23:38:23] [Craft Scheduler Thread - 193/INFO]:   adding: home/hugoh/minecraft/plugins/floodgate-spigot.jar (deflated 11%)
[23:38:23] [Server thread/INFO]: Automatic saving is now enabled
[23:38:23] [Server thread/INFO]: ยง6Backup finished.
